#
# There is insufficient memory for the Java Runtime Environment to continue.
# Native memory allocation (malloc) failed to allocate 264720 bytes. Error detail: Chunk::new
# Possible reasons:
#   The system is out of physical RAM or swap space
#   This process is running with CompressedOops enabled, and the Java Heap may be blocking the growth of the native heap
# Possible solutions:
#   Reduce memory load on the system
#   Increase physical memory or swap space
#   Check if swap backing store is full
#   Decrease Java heap size (-Xmx/-Xms)
#   Decrease number of Java threads
#   Decrease Java thread stack sizes (-Xss)
#   Set larger code cache with -XX:ReservedCodeCacheSize=
#   JVM is running with Unscaled Compressed Oops mode in which the Java heap is
#     placed in the first 4GB address space. The Java Heap base address is the
#     maximum limit for the native heap growth. Please use -XX:HeapBaseMinAddress
#     to set the Java Heap base and to place the Java Heap above 4GB virtual address.
# This output file may be truncated or incomplete.
#
#  Out of Memory Error (arena.cpp:191), pid=40832, tid=35216
#
# JRE version: OpenJDK Runtime Environment Temurin-17.0.13+11 (17.0.13+11) (build 17.0.13+11)
# Java VM: OpenJDK 64-Bit Server VM Temurin-17.0.13+11 (17.0.13+11, mixed mode, tiered, compressed oops, compressed class ptrs, parallel gc, windows-amd64)
# No core dump will be written. Minidumps are not enabled by default on client versions of Windows
#

---------------  S U M M A R Y ------------

Command Line: --add-modules=ALL-SYSTEM --add-opens=java.base/java.util=ALL-UNNAMED --add-opens=java.base/java.lang=ALL-UNNAMED --add-opens=java.base/sun.nio.fs=ALL-UNNAMED -Declipse.application=org.eclipse.jdt.ls.core.id1 -Dosgi.bundles.defaultStartLevel=4 -Declipse.product=org.eclipse.jdt.ls.core.product -Djava.import.generatesMetadataFilesAtProjectRoot=false -DDetectVMInstallationsJob.disabled=true -Dfile.encoding=utf8 -XX:+UseParallelGC -XX:GCTimeRatio=4 -XX:AdaptiveSizePolicyWeight=90 -Dsun.zip.disableMemoryMapping=true -Xmx1G -Xms100m -Xlog:disable -javaagent:c:\Users\sunik\.vscode\extensions\redhat.java-1.37.0-win32-x64\lombok\lombok-1.18.34.jar c:\Users\sunik\.vscode\extensions\redhat.java-1.37.0-win32-x64\server\plugins\org.eclipse.equinox.launcher_1.6.900.v20240613-2009.jar -configuration c:\Users\sunik\AppData\Roaming\Code\User\globalStorage\redhat.java\1.37.0\config_ss_win -data c:\Users\sunik\AppData\Roaming\Code\User\workspaceStorage\5297cd4a9fa6e3eb48852d75dc28def7\redhat.java\ss_ws --pipe=\\.\pipe\lsp-e7e371cbfc88bfb91e6c4df160676a24-sock

Host: 12th Gen Intel(R) Core(TM) i5-1240P, 16 cores, 7G,  Windows 11 , 64 bit Build 22621 (10.0.22621.3958)
Time: Sun Dec  8 00:16:28 2024 India Standard Time elapsed time: 27.537842 seconds (0d 0h 0m 27s)

---------------  T H R E A D  ---------------

Current thread (0x00000213a948b380):  JavaThread "C2 CompilerThread0" daemon [_thread_in_native, id=35216, stack(0x0000005219900000,0x0000005219a00000)]


Current CompileTask:
C2:  27538 4554       4       org.eclipse.jdt.internal.compiler.parser.diagnose.DiagnoseParser::parseCheck (514 bytes)

Stack: [0x0000005219900000,0x0000005219a00000]
Native frames: (J=compiled Java code, j=interpreted, Vv=VM code, C=native code)
V  [jvm.dll+0x682a19]
V  [jvm.dll+0x839538]
V  [jvm.dll+0x83afe3]
V  [jvm.dll+0x83b653]
V  [jvm.dll+0x24704f]
V  [jvm.dll+0xace34]
V  [jvm.dll+0xad4cc]
V  [jvm.dll+0x36597e]
V  [jvm.dll+0x32fbd8]
V  [jvm.dll+0x32f05a]
V  [jvm.dll+0x21804f]
V  [jvm.dll+0x21748f]
V  [jvm.dll+0x1a3070]
V  [jvm.dll+0x22788c]
V  [jvm.dll+0x2259eb]
V  [jvm.dll+0x7eec98]
V  [jvm.dll+0x7e8ffc]
V  [jvm.dll+0x6818f7]
C  [ucrtbase.dll+0x29333]
C  [KERNEL32.DLL+0x1257d]
C  [ntdll.dll+0x5af08]


---------------  P R O C E S S  ---------------

Threads class SMR info:
_java_thread_list=0x00000213ad813820, length=41, elements={
0x0000021390680e20, 0x00000213a44de270, 0x00000213a9449940, 0x00000213a947f920,
0x00000213a94802f0, 0x00000213a94835c0, 0x00000213a9486790, 0x00000213a948b380,
0x00000213a948ede0, 0x00000213a9497ec0, 0x00000213a95a0ef0, 0x00000213a973d100,
0x00000213abea3540, 0x00000213abe98510, 0x00000213abe05bf0, 0x00000213ab923b50,
0x00000213ab97ea90, 0x00000213ab97efa0, 0x00000213ab97f9c0, 0x00000213ab97f4b0,
0x00000213ab97fed0, 0x00000213ab97e580, 0x00000213ab9803e0, 0x00000213ab9808f0,
0x00000213ab980e00, 0x00000213ab981820, 0x00000213ab981310, 0x00000213acda6df0,
0x00000213acda59b0, 0x00000213acda9160, 0x00000213acda5ec0, 0x00000213acda63d0,
0x00000213acda8230, 0x00000213acda9670, 0x00000213acda7d20, 0x00000213acda9b80,
0x00000213acda8740, 0x00000213acdaa090, 0x00000213acda4f90, 0x00000213acda68e0,
0x00000213acdab4d0
}

Java Threads: ( => current thread )
  0x0000021390680e20 JavaThread "main" [_thread_blocked, id=21992, stack(0x0000005219000000,0x0000005219100000)]
  0x00000213a44de270 JavaThread "Reference Handler" daemon [_thread_blocked, id=1760, stack(0x0000005219300000,0x0000005219400000)]
  0x00000213a9449940 JavaThread "Finalizer" daemon [_thread_blocked, id=41944, stack(0x0000005219400000,0x0000005219500000)]
  0x00000213a947f920 JavaThread "Signal Dispatcher" daemon [_thread_blocked, id=27356, stack(0x0000005219500000,0x0000005219600000)]
  0x00000213a94802f0 JavaThread "Attach Listener" daemon [_thread_blocked, id=8580, stack(0x0000005219600000,0x0000005219700000)]
  0x00000213a94835c0 JavaThread "Service Thread" daemon [_thread_blocked, id=32364, stack(0x0000005219700000,0x0000005219800000)]
  0x00000213a9486790 JavaThread "Monitor Deflation Thread" daemon [_thread_blocked, id=30268, stack(0x0000005219800000,0x0000005219900000)]
=>0x00000213a948b380 JavaThread "C2 CompilerThread0" daemon [_thread_in_native, id=35216, stack(0x0000005219900000,0x0000005219a00000)]
  0x00000213a948ede0 JavaThread "C1 CompilerThread0" daemon [_thread_in_vm, id=13876, stack(0x0000005219a00000,0x0000005219b00000)]
  0x00000213a9497ec0 JavaThread "Sweeper thread" daemon [_thread_blocked, id=10228, stack(0x0000005219b00000,0x0000005219c00000)]
  0x00000213a95a0ef0 JavaThread "Common-Cleaner" daemon [_thread_blocked, id=42996, stack(0x0000005219c00000,0x0000005219d00000)]
  0x00000213a973d100 JavaThread "Notification Thread" daemon [_thread_blocked, id=33556, stack(0x0000005219d00000,0x0000005219e00000)]
  0x00000213abea3540 JavaThread "Active Thread: Equinox Container: e7df3587-2af2-4e69-8b7c-9071716297d7" [_thread_blocked, id=11084, stack(0x000000521a500000,0x000000521a600000)]
  0x00000213abe98510 JavaThread "Framework Event Dispatcher: Equinox Container: e7df3587-2af2-4e69-8b7c-9071716297d7" daemon [_thread_blocked, id=17448, stack(0x000000521a600000,0x000000521a700000)]
  0x00000213abe05bf0 JavaThread "Start Level: Equinox Container: e7df3587-2af2-4e69-8b7c-9071716297d7" daemon [_thread_blocked, id=39752, stack(0x000000521a700000,0x000000521a800000)]
  0x00000213ab923b50 JavaThread "SCR Component Actor" daemon [_thread_blocked, id=27556, stack(0x000000521a800000,0x000000521a900000)]
  0x00000213ab97ea90 JavaThread "Worker-JM" [_thread_blocked, id=33396, stack(0x000000521ab00000,0x000000521ac00000)]
  0x00000213ab97efa0 JavaThread "JNA Cleaner" daemon [_thread_blocked, id=19748, stack(0x000000521af00000,0x000000521b000000)]
  0x00000213ab97f9c0 JavaThread "Worker-0: Publish Diagnostics" [_thread_blocked, id=39648, stack(0x000000521b000000,0x000000521b100000)]
  0x00000213ab97f4b0 JavaThread "Worker-1" [_thread_blocked, id=14288, stack(0x000000521b100000,0x000000521b200000)]
  0x00000213ab97fed0 JavaThread "Thread-2" daemon [_thread_in_native, id=15916, stack(0x000000521b400000,0x000000521b500000)]
  0x00000213ab97e580 JavaThread "Thread-3" daemon [_thread_in_native, id=28584, stack(0x000000521b500000,0x000000521b600000)]
  0x00000213ab9803e0 JavaThread "Thread-4" daemon [_thread_in_native, id=14988, stack(0x000000521b600000,0x000000521b700000)]
  0x00000213ab9808f0 JavaThread "Thread-5" daemon [_thread_in_native, id=19164, stack(0x000000521b700000,0x000000521b800000)]
  0x00000213ab980e00 JavaThread "Thread-6" daemon [_thread_in_native, id=34684, stack(0x000000521b800000,0x000000521b900000)]
  0x00000213ab981820 JavaThread "Thread-7" daemon [_thread_in_native, id=9880, stack(0x000000521b900000,0x000000521ba00000)]
  0x00000213ab981310 JavaThread "Thread-8" daemon [_thread_in_native, id=31864, stack(0x000000521ba00000,0x000000521bb00000)]
  0x00000213acda6df0 JavaThread "Thread-9" daemon [_thread_in_native, id=15448, stack(0x000000521bb00000,0x000000521bc00000)]
  0x00000213acda59b0 JavaThread "Thread-10" daemon [_thread_in_native, id=33760, stack(0x000000521bc00000,0x000000521bd00000)]
  0x00000213acda9160 JavaThread "Thread-11" daemon [_thread_in_native, id=1416, stack(0x000000521bd00000,0x000000521be00000)]
  0x00000213acda5ec0 JavaThread "Thread-12" daemon [_thread_in_native, id=39792, stack(0x000000521be00000,0x000000521bf00000)]
  0x00000213acda63d0 JavaThread "Thread-13" daemon [_thread_in_native, id=33544, stack(0x000000521bf00000,0x000000521c000000)]
  0x00000213acda8230 JavaThread "Thread-14" daemon [_thread_in_native, id=27908, stack(0x000000521c000000,0x000000521c100000)]
  0x00000213acda9670 JavaThread "Thread-15" daemon [_thread_in_native, id=12852, stack(0x000000521c100000,0x000000521c200000)]
  0x00000213acda7d20 JavaThread "Thread-16" daemon [_thread_in_native, id=31172, stack(0x000000521c200000,0x000000521c300000)]
  0x00000213acda9b80 JavaThread "Thread-17" daemon [_thread_in_native, id=29244, stack(0x000000521c300000,0x000000521c400000)]
  0x00000213acda8740 JavaThread "Thread-18" daemon [_thread_in_native, id=24672, stack(0x000000521c400000,0x000000521c500000)]
  0x00000213acdaa090 JavaThread "pool-2-thread-1" [_thread_blocked, id=11480, stack(0x000000521c500000,0x000000521c600000)]
  0x00000213acda4f90 JavaThread "Worker-2" [_thread_blocked, id=26536, stack(0x000000521c600000,0x000000521c700000)]
  0x00000213acda68e0 JavaThread "WorkspaceEventsHandler" [_thread_blocked, id=13840, stack(0x000000521c700000,0x000000521c800000)]
  0x00000213acdab4d0 JavaThread "pool-1-thread-1" [_thread_blocked, id=35408, stack(0x000000521c800000,0x000000521c900000)]

Other Threads:
  0x00000213906feca0 VMThread "VM Thread" [stack: 0x0000005219200000,0x0000005219300000] [id=41120] _threads_hazard_ptr=0x00000213ad813820
  0x00000213a973ec90 WatcherThread [stack: 0x0000005219e00000,0x0000005219f00000] [id=9248]
  0x0000021390694590 GCTaskThread "GC Thread#0" [stack: 0x0000005219100000,0x0000005219200000] [id=17944]
  0x00000213abca7850 GCTaskThread "GC Thread#1" [stack: 0x0000005219f00000,0x000000521a000000] [id=29160]
  0x00000213abdc07c0 GCTaskThread "GC Thread#2" [stack: 0x000000521a000000,0x000000521a100000] [id=22212]
  0x00000213abdc4a90 GCTaskThread "GC Thread#3" [stack: 0x000000521a100000,0x000000521a200000] [id=37096]
  0x00000213abc5e430 GCTaskThread "GC Thread#4" [stack: 0x000000521a200000,0x000000521a300000] [id=33612]
  0x00000213abc5e6f0 GCTaskThread "GC Thread#5" [stack: 0x000000521a300000,0x000000521a400000] [id=3552]
  0x00000213abc5f1c0 GCTaskThread "GC Thread#6" [stack: 0x000000521a400000,0x000000521a500000] [id=11292]
  0x00000213ab793fd0 GCTaskThread "GC Thread#7" [stack: 0x000000521a900000,0x000000521aa00000] [id=26996]
  0x00000213ababd4c0 GCTaskThread "GC Thread#8" [stack: 0x000000521ac00000,0x000000521ad00000] [id=13716]
  0x00000213ababd780 GCTaskThread "GC Thread#9" [stack: 0x000000521ad00000,0x000000521ae00000] [id=8764]
  0x00000213ab9d30e0 GCTaskThread "GC Thread#10" [stack: 0x000000521ae00000,0x000000521af00000] [id=9044]
  0x00000213aba98030 GCTaskThread "GC Thread#11" [stack: 0x000000521b200000,0x000000521b300000] [id=6720]
  0x00000213ac0e9500 GCTaskThread "GC Thread#12" [stack: 0x000000521b300000,0x000000521b400000] [id=43012]

Threads with active compile tasks:
C2 CompilerThread0    28852 4554       4       org.eclipse.jdt.internal.compiler.parser.diagnose.DiagnoseParser::parseCheck (514 bytes)
C1 CompilerThread0    28853 4638       3       org.eclipse.jdt.internal.compiler.util.CharArrayMap::put (86 bytes)

VM state: synchronizing (normal execution)

VM Mutex/Monitor currently owned by a thread:  ([mutex/lock_event])
[0x00000213906794e0] Metaspace_lock - owner thread: 0x00000213a948ede0
[0x000002139067aa00] Threads_lock - owner thread: 0x00000213906feca0
[0x0000021390679f50] MethodData_lock - owner thread: 0x00000213a948ede0

Heap address: 0x00000000c0000000, size: 1024 MB, Compressed Oops mode: 32-bit

CDS archive(s) not mapped
Compressed class space mapped at: 0x0000000100000000-0x0000000140000000, reserved size: 1073741824
Narrow klass base: 0x0000000000000000, Narrow klass shift: 3, Narrow klass range: 0x140000000

GC Precious Log:
 CPUs: 16 total, 16 available
 Memory: 7860M
 Large Page Support: Disabled
 NUMA Support: Disabled
 Compressed Oops: Enabled (32-bit)
 Alignments: Space 512K, Generation 512K, Heap 2M
 Heap Min Capacity: 100M
 Heap Initial Capacity: 100M
 Heap Max Capacity: 1G
 Pre-touch: Disabled
 Parallel Workers: 13

Heap:
 PSYoungGen      total 22016K, used 14819K [0x00000000eab00000, 0x00000000ec880000, 0x0000000100000000)
  eden space 19968K, 63% used [0x00000000eab00000,0x00000000eb778f30,0x00000000ebe80000)
  from space 2048K, 100% used [0x00000000ec280000,0x00000000ec480000,0x00000000ec480000)
  to   space 4096K, 0% used [0x00000000ebe80000,0x00000000ebe80000,0x00000000ec280000)
 ParOldGen       total 68608K, used 26964K [0x00000000c0000000, 0x00000000c4300000, 0x00000000eab00000)
  object space 68608K, 39% used [0x00000000c0000000,0x00000000c1a553f0,0x00000000c4300000)
 Metaspace       used 43587K, committed 44352K, reserved 1114112K
  class space    used 4418K, committed 4736K, reserved 1048576K

Card table byte_map: [0x0000021390010000,0x0000021390220000] _byte_map_base: 0x000002138fa10000

Marking Bits: (ParMarkBitMap*) 0x00007ff8419b6940
 Begin Bits: [0x00000213a22e0000, 0x00000213a32e0000)
 End Bits:   [0x00000213a32e0000, 0x00000213a42e0000)

Polling page: 0x000002138fe00000

Metaspace:

Usage:
  Non-class:     38.25 MB used.
      Class:      4.31 MB used.
       Both:     42.57 MB used.

Virtual space:
  Non-class space:       64.00 MB reserved,      38.69 MB ( 60%) committed,  1 nodes.
      Class space:        1.00 GB reserved,       4.62 MB ( <1%) committed,  1 nodes.
             Both:        1.06 GB reserved,      43.31 MB (  4%) committed. 

Chunk freelists:
   Non-Class:  8.42 MB
       Class:  11.41 MB
        Both:  19.83 MB

MaxMetaspaceSize: unlimited
CompressedClassSpaceSize: 1.00 GB
Initial GC threshold: 21.00 MB
Current GC threshold: 58.38 MB
CDS: off
MetaspaceReclaimPolicy: balanced
 - commit_granule_bytes: 65536.
 - commit_granule_words: 8192.
 - virtual_space_node_default_size: 8388608.
 - enlarge_chunks_in_place: 1.
 - new_chunks_are_fully_committed: 0.
 - uncommit_free_chunks: 1.
 - use_allocation_guard: 0.
 - handle_deallocations: 1.


Internal statistics:

num_allocs_failed_limit: 6.
num_arena_births: 504.
num_arena_deaths: 14.
num_vsnodes_births: 2.
num_vsnodes_deaths: 0.
num_space_committed: 693.
num_space_uncommitted: 0.
num_chunks_returned_to_freelist: 20.
num_chunks_taken_from_freelist: 1984.
num_chunk_merges: 8.
num_chunk_splits: 1273.
num_chunks_enlarged: 820.
num_inconsistent_stats: 0.

CodeHeap 'non-profiled nmethods': size=119168Kb used=2458Kb max_used=2458Kb free=116709Kb
 bounds [0x000002139ae80000, 0x000002139b0f0000, 0x00000213a22e0000]
CodeHeap 'profiled nmethods': size=119104Kb used=9518Kb max_used=9518Kb free=109585Kb
 bounds [0x00000213932e0000, 0x0000021393c30000, 0x000002139a730000]
CodeHeap 'non-nmethods': size=7488Kb used=1322Kb max_used=1349Kb free=6165Kb
 bounds [0x000002139a730000, 0x000002139a9a0000, 0x000002139ae80000]
 total_blobs=5231 nmethods=4573 adapters=571
 compilation: enabled
              stopped_count=0, restarted_count=0
 full_count=0

Compilation events (20 events):
Event: 27.425 Thread 0x00000213a948ede0 4546       2       org.eclipse.jdt.internal.compiler.parser.diagnose.LexStream::kind (9 bytes)
Event: 27.425 Thread 0x00000213a948ede0 nmethod 4546 0x0000021393bf3810 code [0x0000021393bf39a0, 0x0000021393bf3ac8]
Event: 27.425 Thread 0x00000213a948ede0 4544       2       org.eclipse.jdt.internal.compiler.parser.diagnose.LexStream::next (19 bytes)
Event: 27.426 Thread 0x00000213a948ede0 nmethod 4544 0x0000021393bf3b90 code [0x0000021393bf3d20, 0x0000021393bf3e38]
Event: 27.426 Thread 0x00000213a948ede0 4553       3       org.eclipse.jdt.internal.compiler.parser.diagnose.LexStream::name (9 bytes)
Event: 27.426 Thread 0x00000213a948ede0 nmethod 4553 0x0000021393bf3f10 code [0x0000021393bf40c0, 0x0000021393bf4208]
Event: 27.426 Thread 0x00000213a948ede0 4535       3       org.eclipse.jdt.internal.compiler.parser.Scanner::getNextToken (166 bytes)
Event: 27.427 Thread 0x00000213a948ede0 nmethod 4535 0x0000021393bf4310 code [0x0000021393bf4580, 0x0000021393bf52c8]
Event: 27.427 Thread 0x00000213a948ede0 4537       3       org.eclipse.jdt.internal.compiler.parser.Scanner::mayBeAtCasePattern (17 bytes)
Event: 27.427 Thread 0x00000213a948ede0 nmethod 4537 0x0000021393bf5510 code [0x0000021393bf56c0, 0x0000021393bf5908]
Event: 27.427 Thread 0x00000213a948ede0 4538       3       org.eclipse.jdt.internal.compiler.parser.Scanner::atMultiCaseComma (44 bytes)
Event: 27.428 Thread 0x00000213a948ede0 nmethod 4538 0x0000021393bf5a10 code [0x0000021393bf5bc0, 0x0000021393bf5ec8]
Event: 27.428 Thread 0x00000213a948ede0 4539       3       org.eclipse.jdt.internal.compiler.parser.Scanner::addTokenToLookBack (125 bytes)
Event: 27.428 Thread 0x00000213a948ede0 nmethod 4539 0x0000021393bf6010 code [0x0000021393bf61e0, 0x0000021393bf6688]
Event: 27.433 Thread 0x00000213a948ede0 4557       3       org.eclipse.jdt.core.compiler.CharOperation::indexOf (10 bytes)
Event: 27.433 Thread 0x00000213a948ede0 nmethod 4557 0x0000021393bf6810 code [0x0000021393bf69a0, 0x0000021393bf6ac8]
Event: 27.433 Thread 0x00000213a948ede0 4558       1       org.eclipse.jdt.internal.compiler.parser.Scanner::getCurrentTokenStartPosition (5 bytes)
Event: 27.433 Thread 0x00000213a948ede0 nmethod 4558 0x000002139b0e5210 code [0x000002139b0e53a0, 0x000002139b0e5478]
Event: 27.435 Thread 0x00000213a948ede0 4560       3       org.eclipse.jdt.internal.compiler.parser.diagnose.DiagnoseParser::scopeTrial (84 bytes)
Event: 27.436 Thread 0x00000213a948ede0 nmethod 4560 0x0000021393bf6b90 code [0x0000021393bf6d40, 0x0000021393bf7148]

GC Heap History (20 events):
Event: 13.867 GC heap before
{Heap before GC invocations=11 (full 2):
 PSYoungGen      total 26112K, used 2431K [0x00000000eab00000, 0x00000000ec800000, 0x0000000100000000)
  eden space 23552K, 0% used [0x00000000eab00000,0x00000000eab00000,0x00000000ec200000)
  from space 2560K, 94% used [0x00000000ec380000,0x00000000ec5dfe78,0x00000000ec600000)
  to   space 2048K, 0% used [0x00000000ec600000,0x00000000ec600000,0x00000000ec800000)
 ParOldGen       total 68608K, used 11528K [0x00000000c0000000, 0x00000000c4300000, 0x00000000eab00000)
  object space 68608K, 16% used [0x00000000c0000000,0x00000000c0b423e8,0x00000000c4300000)
 Metaspace       used 35239K, committed 35840K, reserved 1114112K
  class space    used 3499K, committed 3776K, reserved 1048576K
}
Event: 13.889 GC heap after
{Heap after GC invocations=11 (full 2):
 PSYoungGen      total 26112K, used 0K [0x00000000eab00000, 0x00000000ec800000, 0x0000000100000000)
  eden space 23552K, 0% used [0x00000000eab00000,0x00000000eab00000,0x00000000ec200000)
  from space 2560K, 0% used [0x00000000ec380000,0x00000000ec380000,0x00000000ec600000)
  to   space 2048K, 0% used [0x00000000ec600000,0x00000000ec600000,0x00000000ec800000)
 ParOldGen       total 68608K, used 13596K [0x00000000c0000000, 0x00000000c4300000, 0x00000000eab00000)
  object space 68608K, 19% used [0x00000000c0000000,0x00000000c0d47260,0x00000000c4300000)
 Metaspace       used 35239K, committed 35840K, reserved 1114112K
  class space    used 3499K, committed 3776K, reserved 1048576K
}
Event: 22.775 GC heap before
{Heap before GC invocations=12 (full 2):
 PSYoungGen      total 26112K, used 23482K [0x00000000eab00000, 0x00000000ec800000, 0x0000000100000000)
  eden space 23552K, 99% used [0x00000000eab00000,0x00000000ec1ee950,0x00000000ec200000)
  from space 2560K, 0% used [0x00000000ec380000,0x00000000ec380000,0x00000000ec600000)
  to   space 2048K, 0% used [0x00000000ec600000,0x00000000ec600000,0x00000000ec800000)
 ParOldGen       total 68608K, used 13596K [0x00000000c0000000, 0x00000000c4300000, 0x00000000eab00000)
  object space 68608K, 19% used [0x00000000c0000000,0x00000000c0d47260,0x00000000c4300000)
 Metaspace       used 38347K, committed 39104K, reserved 1114112K
  class space    used 3863K, committed 4160K, reserved 1048576K
}
Event: 22.778 GC heap after
{Heap after GC invocations=12 (full 2):
 PSYoungGen      total 25088K, used 1971K [0x00000000eab00000, 0x00000000ec800000, 0x0000000100000000)
  eden space 23040K, 0% used [0x00000000eab00000,0x00000000eab00000,0x00000000ec180000)
  from space 2048K, 96% used [0x00000000ec600000,0x00000000ec7ece98,0x00000000ec800000)
  to   space 2560K, 0% used [0x00000000ec300000,0x00000000ec300000,0x00000000ec580000)
 ParOldGen       total 68608K, used 13604K [0x00000000c0000000, 0x00000000c4300000, 0x00000000eab00000)
  object space 68608K, 19% used [0x00000000c0000000,0x00000000c0d49260,0x00000000c4300000)
 Metaspace       used 38347K, committed 39104K, reserved 1114112K
  class space    used 3863K, committed 4160K, reserved 1048576K
}
Event: 23.047 GC heap before
{Heap before GC invocations=13 (full 2):
 PSYoungGen      total 25088K, used 25011K [0x00000000eab00000, 0x00000000ec800000, 0x0000000100000000)
  eden space 23040K, 100% used [0x00000000eab00000,0x00000000ec180000,0x00000000ec180000)
  from space 2048K, 96% used [0x00000000ec600000,0x00000000ec7ece98,0x00000000ec800000)
  to   space 2560K, 0% used [0x00000000ec300000,0x00000000ec300000,0x00000000ec580000)
 ParOldGen       total 68608K, used 13604K [0x00000000c0000000, 0x00000000c4300000, 0x00000000eab00000)
  object space 68608K, 19% used [0x00000000c0000000,0x00000000c0d49260,0x00000000c4300000)
 Metaspace       used 38806K, committed 39552K, reserved 1114112K
  class space    used 3919K, committed 4224K, reserved 1048576K
}
Event: 23.053 GC heap after
{Heap after GC invocations=13 (full 2):
 PSYoungGen      total 25088K, used 2193K [0x00000000eab00000, 0x00000000ec680000, 0x0000000100000000)
  eden space 22528K, 0% used [0x00000000eab00000,0x00000000eab00000,0x00000000ec100000)
  from space 2560K, 85% used [0x00000000ec300000,0x00000000ec524440,0x00000000ec580000)
  to   space 1024K, 0% used [0x00000000ec580000,0x00000000ec580000,0x00000000ec680000)
 ParOldGen       total 68608K, used 15421K [0x00000000c0000000, 0x00000000c4300000, 0x00000000eab00000)
  object space 68608K, 22% used [0x00000000c0000000,0x00000000c0f0f6f0,0x00000000c4300000)
 Metaspace       used 38806K, committed 39552K, reserved 1114112K
  class space    used 3919K, committed 4224K, reserved 1048576K
}
Event: 23.401 GC heap before
{Heap before GC invocations=14 (full 2):
 PSYoungGen      total 25088K, used 24721K [0x00000000eab00000, 0x00000000ec680000, 0x0000000100000000)
  eden space 22528K, 100% used [0x00000000eab00000,0x00000000ec100000,0x00000000ec100000)
  from space 2560K, 85% used [0x00000000ec300000,0x00000000ec524440,0x00000000ec580000)
  to   space 1024K, 0% used [0x00000000ec580000,0x00000000ec580000,0x00000000ec680000)
 ParOldGen       total 68608K, used 15421K [0x00000000c0000000, 0x00000000c4300000, 0x00000000eab00000)
  object space 68608K, 22% used [0x00000000c0000000,0x00000000c0f0f6f0,0x00000000c4300000)
 Metaspace       used 38898K, committed 39616K, reserved 1114112K
  class space    used 3923K, committed 4224K, reserved 1048576K
}
Event: 23.405 GC heap after
{Heap after GC invocations=14 (full 2):
 PSYoungGen      total 23040K, used 994K [0x00000000eab00000, 0x00000000ec980000, 0x0000000100000000)
  eden space 22016K, 0% used [0x00000000eab00000,0x00000000eab00000,0x00000000ec080000)
  from space 1024K, 97% used [0x00000000ec580000,0x00000000ec678800,0x00000000ec680000)
  to   space 4608K, 0% used [0x00000000ec080000,0x00000000ec080000,0x00000000ec500000)
 ParOldGen       total 68608K, used 18333K [0x00000000c0000000, 0x00000000c4300000, 0x00000000eab00000)
  object space 68608K, 26% used [0x00000000c0000000,0x00000000c11e7730,0x00000000c4300000)
 Metaspace       used 38898K, committed 39616K, reserved 1114112K
  class space    used 3923K, committed 4224K, reserved 1048576K
}
Event: 24.004 GC heap before
{Heap before GC invocations=15 (full 2):
 PSYoungGen      total 23040K, used 23010K [0x00000000eab00000, 0x00000000ec980000, 0x0000000100000000)
  eden space 22016K, 100% used [0x00000000eab00000,0x00000000ec080000,0x00000000ec080000)
  from space 1024K, 97% used [0x00000000ec580000,0x00000000ec678800,0x00000000ec680000)
  to   space 4608K, 0% used [0x00000000ec080000,0x00000000ec080000,0x00000000ec500000)
 ParOldGen       total 68608K, used 18333K [0x00000000c0000000, 0x00000000c4300000, 0x00000000eab00000)
  object space 68608K, 26% used [0x00000000c0000000,0x00000000c11e7730,0x00000000c4300000)
 Metaspace       used 40288K, committed 41088K, reserved 1114112K
  class space    used 4104K, committed 4416K, reserved 1048576K
}
Event: 24.008 GC heap after
{Heap after GC invocations=15 (full 2):
 PSYoungGen      total 24064K, used 1989K [0x00000000eab00000, 0x00000000ec680000, 0x0000000100000000)
  eden space 22016K, 0% used [0x00000000eab00000,0x00000000eab00000,0x00000000ec080000)
  from space 2048K, 97% used [0x00000000ec080000,0x00000000ec2715b8,0x00000000ec280000)
  to   space 3072K, 0% used [0x00000000ec380000,0x00000000ec380000,0x00000000ec680000)
 ParOldGen       total 68608K, used 19373K [0x00000000c0000000, 0x00000000c4300000, 0x00000000eab00000)
  object space 68608K, 28% used [0x00000000c0000000,0x00000000c12eb7b0,0x00000000c4300000)
 Metaspace       used 40288K, committed 41088K, reserved 1114112K
  class space    used 4104K, committed 4416K, reserved 1048576K
}
Event: 25.427 GC heap before
{Heap before GC invocations=16 (full 2):
 PSYoungGen      total 24064K, used 24005K [0x00000000eab00000, 0x00000000ec680000, 0x0000000100000000)
  eden space 22016K, 100% used [0x00000000eab00000,0x00000000ec080000,0x00000000ec080000)
  from space 2048K, 97% used [0x00000000ec080000,0x00000000ec2715b8,0x00000000ec280000)
  to   space 3072K, 0% used [0x00000000ec380000,0x00000000ec380000,0x00000000ec680000)
 ParOldGen       total 68608K, used 19373K [0x00000000c0000000, 0x00000000c4300000, 0x00000000eab00000)
  object space 68608K, 28% used [0x00000000c0000000,0x00000000c12eb7b0,0x00000000c4300000)
 Metaspace       used 41323K, committed 42112K, reserved 1114112K
  class space    used 4237K, committed 4544K, reserved 1048576K
}
Event: 25.429 GC heap after
{Heap after GC invocations=16 (full 2):
 PSYoungGen      total 22528K, used 448K [0x00000000eab00000, 0x00000000ec400000, 0x0000000100000000)
  eden space 22016K, 0% used [0x00000000eab00000,0x00000000eab00000,0x00000000ec080000)
  from space 512K, 87% used [0x00000000ec380000,0x00000000ec3f0000,0x00000000ec400000)
  to   space 1536K, 0% used [0x00000000ec100000,0x00000000ec100000,0x00000000ec280000)
 ParOldGen       total 68608K, used 20960K [0x00000000c0000000, 0x00000000c4300000, 0x00000000eab00000)
  object space 68608K, 30% used [0x00000000c0000000,0x00000000c1478040,0x00000000c4300000)
 Metaspace       used 41323K, committed 42112K, reserved 1114112K
  class space    used 4237K, committed 4544K, reserved 1048576K
}
Event: 26.893 GC heap before
{Heap before GC invocations=17 (full 2):
 PSYoungGen      total 22528K, used 22464K [0x00000000eab00000, 0x00000000ec400000, 0x0000000100000000)
  eden space 22016K, 100% used [0x00000000eab00000,0x00000000ec080000,0x00000000ec080000)
  from space 512K, 87% used [0x00000000ec380000,0x00000000ec3f0000,0x00000000ec400000)
  to   space 1536K, 0% used [0x00000000ec100000,0x00000000ec100000,0x00000000ec280000)
 ParOldGen       total 68608K, used 20960K [0x00000000c0000000, 0x00000000c4300000, 0x00000000eab00000)
  object space 68608K, 30% used [0x00000000c0000000,0x00000000c1478040,0x00000000c4300000)
 Metaspace       used 42335K, committed 43200K, reserved 1114112K
  class space    used 4323K, committed 4672K, reserved 1048576K
}
Event: 26.896 GC heap after
{Heap after GC invocations=17 (full 2):
 PSYoungGen      total 23552K, used 1472K [0x00000000eab00000, 0x00000000ec480000, 0x0000000100000000)
  eden space 22016K, 0% used [0x00000000eab00000,0x00000000eab00000,0x00000000ec080000)
  from space 1536K, 95% used [0x00000000ec100000,0x00000000ec270020,0x00000000ec280000)
  to   space 2048K, 0% used [0x00000000ec280000,0x00000000ec280000,0x00000000ec480000)
 ParOldGen       total 68608K, used 21224K [0x00000000c0000000, 0x00000000c4300000, 0x00000000eab00000)
  object space 68608K, 30% used [0x00000000c0000000,0x00000000c14ba040,0x00000000c4300000)
 Metaspace       used 42335K, committed 43200K, reserved 1114112K
  class space    used 4323K, committed 4672K, reserved 1048576K
}
Event: 27.006 GC heap before
{Heap before GC invocations=18 (full 2):
 PSYoungGen      total 23552K, used 23488K [0x00000000eab00000, 0x00000000ec480000, 0x0000000100000000)
  eden space 22016K, 100% used [0x00000000eab00000,0x00000000ec080000,0x00000000ec080000)
  from space 1536K, 95% used [0x00000000ec100000,0x00000000ec270020,0x00000000ec280000)
  to   space 2048K, 0% used [0x00000000ec280000,0x00000000ec280000,0x00000000ec480000)
 ParOldGen       total 68608K, used 21224K [0x00000000c0000000, 0x00000000c4300000, 0x00000000eab00000)
  object space 68608K, 30% used [0x00000000c0000000,0x00000000c14ba040,0x00000000c4300000)
 Metaspace       used 42336K, committed 43200K, reserved 1114112K
  class space    used 4323K, committed 4672K, reserved 1048576K
}
Event: 27.010 GC heap after
{Heap after GC invocations=18 (full 2):
 PSYoungGen      total 24064K, used 2020K [0x00000000eab00000, 0x00000000ec480000, 0x0000000100000000)
  eden space 22016K, 0% used [0x00000000eab00000,0x00000000eab00000,0x00000000ec080000)
  from space 2048K, 98% used [0x00000000ec280000,0x00000000ec479000,0x00000000ec480000)
  to   space 1536K, 0% used [0x00000000ec100000,0x00000000ec100000,0x00000000ec280000)
 ParOldGen       total 68608K, used 22696K [0x00000000c0000000, 0x00000000c4300000, 0x00000000eab00000)
  object space 68608K, 33% used [0x00000000c0000000,0x00000000c162a3e0,0x00000000c4300000)
 Metaspace       used 42336K, committed 43200K, reserved 1114112K
  class space    used 4323K, committed 4672K, reserved 1048576K
}
Event: 27.082 GC heap before
{Heap before GC invocations=19 (full 2):
 PSYoungGen      total 24064K, used 24036K [0x00000000eab00000, 0x00000000ec480000, 0x0000000100000000)
  eden space 22016K, 100% used [0x00000000eab00000,0x00000000ec080000,0x00000000ec080000)
  from space 2048K, 98% used [0x00000000ec280000,0x00000000ec479000,0x00000000ec480000)
  to   space 1536K, 0% used [0x00000000ec100000,0x00000000ec100000,0x00000000ec280000)
 ParOldGen       total 68608K, used 22696K [0x00000000c0000000, 0x00000000c4300000, 0x00000000eab00000)
  object space 68608K, 33% used [0x00000000c0000000,0x00000000c162a3e0,0x00000000c4300000)
 Metaspace       used 42336K, committed 43200K, reserved 1114112K
  class space    used 4323K, committed 4672K, reserved 1048576K
}
Event: 27.086 GC heap after
{Heap after GC invocations=19 (full 2):
 PSYoungGen      total 23552K, used 1504K [0x00000000eab00000, 0x00000000ec480000, 0x0000000100000000)
  eden space 22016K, 0% used [0x00000000eab00000,0x00000000eab00000,0x00000000ec080000)
  from space 1536K, 97% used [0x00000000ec100000,0x00000000ec278010,0x00000000ec280000)
  to   space 2048K, 0% used [0x00000000ec280000,0x00000000ec280000,0x00000000ec480000)
 ParOldGen       total 68608K, used 25348K [0x00000000c0000000, 0x00000000c4300000, 0x00000000eab00000)
  object space 68608K, 36% used [0x00000000c0000000,0x00000000c18c13e0,0x00000000c4300000)
 Metaspace       used 42336K, committed 43200K, reserved 1114112K
  class space    used 4323K, committed 4672K, reserved 1048576K
}
Event: 27.146 GC heap before
{Heap before GC invocations=20 (full 2):
 PSYoungGen      total 23552K, used 23520K [0x00000000eab00000, 0x00000000ec480000, 0x0000000100000000)
  eden space 22016K, 100% used [0x00000000eab00000,0x00000000ec080000,0x00000000ec080000)
  from space 1536K, 97% used [0x00000000ec100000,0x00000000ec278010,0x00000000ec280000)
  to   space 2048K, 0% used [0x00000000ec280000,0x00000000ec280000,0x00000000ec480000)
 ParOldGen       total 68608K, used 25348K [0x00000000c0000000, 0x00000000c4300000, 0x00000000eab00000)
  object space 68608K, 36% used [0x00000000c0000000,0x00000000c18c13e0,0x00000000c4300000)
 Metaspace       used 42336K, committed 43200K, reserved 1114112K
  class space    used 4323K, committed 4672K, reserved 1048576K
}
Event: 27.150 GC heap after
{Heap after GC invocations=20 (full 2):
 PSYoungGen      total 22016K, used 2048K [0x00000000eab00000, 0x00000000ec880000, 0x0000000100000000)
  eden space 19968K, 0% used [0x00000000eab00000,0x00000000eab00000,0x00000000ebe80000)
  from space 2048K, 100% used [0x00000000ec280000,0x00000000ec480000,0x00000000ec480000)
  to   space 4096K, 0% used [0x00000000ebe80000,0x00000000ebe80000,0x00000000ec280000)
 ParOldGen       total 68608K, used 26964K [0x00000000c0000000, 0x00000000c4300000, 0x00000000eab00000)
  object space 68608K, 39% used [0x00000000c0000000,0x00000000c1a553f0,0x00000000c4300000)
 Metaspace       used 42336K, committed 43200K, reserved 1114112K
  class space    used 4323K, committed 4672K, reserved 1048576K
}

Dll operation events (10 events):
Event: 0.084 Loaded shared library c:\Users\sunik\.vscode\extensions\redhat.java-1.37.0-win32-x64\jre\17.0.13-win32-x86_64\bin\java.dll
Event: 0.294 Loaded shared library c:\Users\sunik\.vscode\extensions\redhat.java-1.37.0-win32-x64\jre\17.0.13-win32-x86_64\bin\zip.dll
Event: 0.299 Loaded shared library C:\Users\sunik\.vscode\extensions\redhat.java-1.37.0-win32-x64\jre\17.0.13-win32-x86_64\bin\instrument.dll
Event: 0.324 Loaded shared library C:\Users\sunik\.vscode\extensions\redhat.java-1.37.0-win32-x64\jre\17.0.13-win32-x86_64\bin\net.dll
Event: 0.334 Loaded shared library C:\Users\sunik\.vscode\extensions\redhat.java-1.37.0-win32-x64\jre\17.0.13-win32-x86_64\bin\nio.dll
Event: 0.354 Loaded shared library C:\Users\sunik\.vscode\extensions\redhat.java-1.37.0-win32-x64\jre\17.0.13-win32-x86_64\bin\zip.dll
Event: 0.399 Loaded shared library C:\Users\sunik\.vscode\extensions\redhat.java-1.37.0-win32-x64\jre\17.0.13-win32-x86_64\bin\jimage.dll
Event: 0.530 Loaded shared library c:\Users\sunik\.vscode\extensions\redhat.java-1.37.0-win32-x64\jre\17.0.13-win32-x86_64\bin\verify.dll
Event: 8.273 Loaded shared library C:\Users\sunik\AppData\Roaming\Code\User\globalStorage\redhat.java\1.37.0\config_ss_win\org.eclipse.equinox.launcher\org.eclipse.equinox.launcher.win32.win32.x86_64_1.2.1100.v20240722-2106\eclipse_11904.dll
Event: 11.835 Loaded shared library C:\Users\sunik\AppData\Local\Temp\jna-109799534\jna6793940980712434527.dll

Deoptimization events (20 events):
Event: 25.516 Thread 0x00000213acdab4d0 Uncommon trap: trap_request=0xffffff45 fr.pc=0x000002139b076658 relative=0x0000000000000cd8
Event: 25.516 Thread 0x00000213acdab4d0 Uncommon trap: reason=unstable_if action=reinterpret pc=0x000002139b076658 method=java.util.TreeMap.put(Ljava/lang/Object;Ljava/lang/Object;Z)Ljava/lang/Object; @ 27 c2
Event: 25.516 Thread 0x00000213acdab4d0 DEOPT PACKING pc=0x000002139b076658 sp=0x000000521c8fcd70
Event: 25.517 Thread 0x00000213acdab4d0 DEOPT UNPACKING pc=0x000002139a7866a3 sp=0x000000521c8fcd10 mode 2
Event: 25.596 Thread 0x00000213acdab4d0 DEOPT PACKING pc=0x00000213934d2b0b sp=0x000000521c8fbae0
Event: 25.596 Thread 0x00000213acdab4d0 DEOPT UNPACKING pc=0x000002139a786e43 sp=0x000000521c8fb018 mode 0
Event: 25.739 Thread 0x00000213acdab4d0 Uncommon trap: trap_request=0xffffffc6 fr.pc=0x000002139b0159a4 relative=0x0000000000000084
Event: 25.739 Thread 0x00000213acdab4d0 Uncommon trap: reason=bimorphic_or_optimized_type_check action=maybe_recompile pc=0x000002139b0159a4 method=java.util.stream.Sink$ChainedReference.cancellationRequested()Z @ 4 c2
Event: 25.739 Thread 0x00000213acdab4d0 DEOPT PACKING pc=0x000002139b0159a4 sp=0x000000521c8fdc30
Event: 25.740 Thread 0x00000213acdab4d0 DEOPT UNPACKING pc=0x000002139a7866a3 sp=0x000000521c8fdb60 mode 2
Event: 26.781 Thread 0x00000213ab97f9c0 Uncommon trap: trap_request=0xffffff45 fr.pc=0x000002139afe1b20 relative=0x0000000000005340
Event: 26.781 Thread 0x00000213ab97f9c0 Uncommon trap: reason=unstable_if action=reinterpret pc=0x000002139afe1b20 method=jdk.internal.org.objectweb.asm.Frame.execute(IILjdk/internal/org/objectweb/asm/Symbol;Ljdk/internal/org/objectweb/asm/SymbolTable;)V @ 1 c2
Event: 26.781 Thread 0x00000213ab97f9c0 DEOPT PACKING pc=0x000002139afe1b20 sp=0x000000521b0fbbb0
Event: 26.781 Thread 0x00000213ab97f9c0 DEOPT UNPACKING pc=0x000002139a7866a3 sp=0x000000521b0fbb58 mode 2
Event: 26.782 Thread 0x00000213ab97f9c0 Uncommon trap: trap_request=0xffffff45 fr.pc=0x000002139af4bae8 relative=0x00000000000000e8
Event: 26.782 Thread 0x00000213ab97f9c0 Uncommon trap: reason=unstable_if action=reinterpret pc=0x000002139af4bae8 method=jdk.internal.org.objectweb.asm.ByteVector.putShort(I)Ljdk/internal/org/objectweb/asm/ByteVector; @ 13 c2
Event: 26.782 Thread 0x00000213ab97f9c0 DEOPT PACKING pc=0x000002139af4bae8 sp=0x000000521b0fb9d0
Event: 26.782 Thread 0x00000213ab97f9c0 DEOPT UNPACKING pc=0x000002139a7866a3 sp=0x000000521b0fb958 mode 2
Event: 26.833 Thread 0x00000213ab97f9c0 DEOPT PACKING pc=0x0000021393a932d4 sp=0x000000521b0fdb20
Event: 26.833 Thread 0x00000213ab97f9c0 DEOPT UNPACKING pc=0x000002139a786e43 sp=0x000000521b0fcfa8 mode 0

Classes loaded (20 events):
Event: 23.665 Loading class java/lang/ExceptionInInitializerError
Event: 23.665 Loading class java/lang/ExceptionInInitializerError done
Event: 24.753 Loading class java/util/Vector$1
Event: 24.754 Loading class java/util/Vector$1 done
Event: 25.636 Loading class java/util/regex/Pattern$Caret
Event: 25.637 Loading class java/util/regex/Pattern$Caret done
Event: 25.713 Loading class java/util/Hashtable$ValueCollection
Event: 25.714 Loading class java/util/Hashtable$ValueCollection done
Event: 25.718 Loading class java/util/WeakHashMap$KeyIterator
Event: 25.718 Loading class java/util/WeakHashMap$KeyIterator done
Event: 26.776 Loading class java/util/AbstractList$RandomAccessSubList
Event: 26.776 Loading class java/util/AbstractList$SubList
Event: 26.777 Loading class java/util/AbstractList$SubList done
Event: 26.777 Loading class java/util/AbstractList$RandomAccessSubList done
Event: 26.777 Loading class java/util/AbstractList$SubList$1
Event: 26.778 Loading class java/util/AbstractList$SubList$1 done
Event: 26.780 Loading class java/lang/invoke/MethodHandleImpl$CountingWrapper
Event: 26.780 Loading class java/lang/invoke/MethodHandleImpl$CountingWrapper done
Event: 26.808 Loading class java/lang/invoke/MethodHandleImpl$CountingWrapper$1
Event: 26.808 Loading class java/lang/invoke/MethodHandleImpl$CountingWrapper$1 done

Classes unloaded (7 events):
Event: 9.808 Thread 0x00000213906feca0 Unloading class 0x000000010021a400 'java/lang/invoke/LambdaForm$MH+0x000000010021a400'
Event: 9.808 Thread 0x00000213906feca0 Unloading class 0x000000010021a000 'java/lang/invoke/LambdaForm$MH+0x000000010021a000'
Event: 9.808 Thread 0x00000213906feca0 Unloading class 0x0000000100219c00 'java/lang/invoke/LambdaForm$MH+0x0000000100219c00'
Event: 9.808 Thread 0x00000213906feca0 Unloading class 0x0000000100219800 'java/lang/invoke/LambdaForm$MH+0x0000000100219800'
Event: 9.808 Thread 0x00000213906feca0 Unloading class 0x0000000100219400 'java/lang/invoke/LambdaForm$BMH+0x0000000100219400'
Event: 9.808 Thread 0x00000213906feca0 Unloading class 0x0000000100219000 'java/lang/invoke/LambdaForm$DMH+0x0000000100219000'
Event: 9.808 Thread 0x00000213906feca0 Unloading class 0x0000000100214400 'java/lang/invoke/LambdaForm$DMH+0x0000000100214400'

Classes redefined (0 events):
No events

Internal exceptions (20 events):
Event: 22.122 Thread 0x00000213ab97f4b0 Exception <a 'java/lang/NoSuchMethodError'{0x00000000eb5c71b0}: 'java.lang.Object java.lang.invoke.DirectMethodHandle$Holder.newInvokeSpecial(java.lang.Object, java.lang.Object, java.lang.Object, java.lang.Object, java.lang.Object, java.lang.Object)'> (0x00000000eb5c71b0) 
thrown [s\src\hotspot\share\interpreter\linkResolver.cpp, line 759]
Event: 22.385 Thread 0x00000213acdab4d0 Exception <a 'java/lang/NoSuchMethodError'{0x00000000eb8e4728}: 'java.lang.Object java.lang.invoke.DirectMethodHandle$Holder.invokeInterface(java.lang.Object, java.lang.Object, java.lang.Object)'> (0x00000000eb8e4728) 
thrown [s\src\hotspot\share\interpreter\linkResolver.cpp, line 759]
Event: 22.534 Thread 0x00000213acdab4d0 Exception <a 'java/lang/NoSuchMethodError'{0x00000000ebb7c5e8}: 'java.lang.Object java.lang.invoke.Invokers$Holder.invoke_MT(java.lang.Object, java.lang.Object, java.lang.Object)'> (0x00000000ebb7c5e8) 
thrown [s\src\hotspot\share\interpreter\linkResolver.cpp, line 759]
Event: 22.733 Thread 0x00000213acdab4d0 Exception <a 'java/lang/NoSuchMethodError'{0x00000000ec120ae8}: 'java.lang.Object java.lang.invoke.DirectMethodHandle$Holder.invokeStaticInit(java.lang.Object, java.lang.Object, java.lang.Object, java.lang.Object, java.lang.Object, java.lang.Object, java.lang.Object)'> (0x00000000ec120ae8) 
thrown [s\src\hotspot\share\interpreter\linkResolver.cpp, line 759]
Event: 22.734 Thread 0x00000213acdab4d0 Exception <a 'java/lang/NoSuchMethodError'{0x00000000ec129dc8}: 'java.lang.Object java.lang.invoke.DirectMethodHandle$Holder.invokeSpecial(java.lang.Object, java.lang.Object, java.lang.Object, java.lang.Object, java.lang.Object, java.lang.Object, java.lang.Object, java.lang.Object, java.lang.Object, java.lang.Object)'> (0x00000000ec129dc8) 
thrown [s\src\hotspot\share\interpreter\linkResolver.cpp, line 759]
Event: 22.735 Thread 0x00000213acdab4d0 Exception <a 'java/lang/NoSuchMethodError'{0x00000000ec12e8a0}: 'java.lang.Object java.lang.invoke.Invokers$Holder.invoke_MT(java.lang.Object, java.lang.Object, java.lang.Object, java.lang.Object, java.lang.Object, java.lang.Object, java.lang.Object, java.lang.Object, java.lang.Object, java.lang.Object)'> (0x00000000ec12e8a0) 
thrown [s\src\hotspot\share\interpreter\linkResolver.cpp, line 759]
Event: 22.747 Thread 0x00000213acdab4d0 Exception <a 'java/lang/NoSuchMethodError'{0x00000000ec176290}: 'int java.lang.invoke.DirectMethodHandle$Holder.invokeVirtual(java.lang.Object, java.lang.Object, java.lang.Object)'> (0x00000000ec176290) 
thrown [s\src\hotspot\share\interpreter\linkResolver.cpp, line 759]
Event: 22.747 Thread 0x00000213acdab4d0 Exception <a 'java/lang/NoSuchMethodError'{0x00000000ec179df0}: 'int java.lang.invoke.DirectMethodHandle$Holder.invokeVirtual(java.lang.Object, java.lang.Object)'> (0x00000000ec179df0) 
thrown [s\src\hotspot\share\interpreter\linkResolver.cpp, line 759]
Event: 22.748 Thread 0x00000213acdab4d0 Exception <a 'java/lang/NoSuchMethodError'{0x00000000ec17e5a8}: 'int java.lang.invoke.DirectMethodHandle$Holder.invokeStaticInit(java.lang.Object, int, int)'> (0x00000000ec17e5a8) 
thrown [s\src\hotspot\share\interpreter\linkResolver.cpp, line 759]
Event: 22.751 Thread 0x00000213acdab4d0 Exception <a 'java/lang/NoSuchMethodError'{0x00000000ec186040}: 'int java.lang.invoke.DirectMethodHandle$Holder.invokeStaticInit(java.lang.Object, long, long)'> (0x00000000ec186040) 
thrown [s\src\hotspot\share\interpreter\linkResolver.cpp, line 759]
Event: 22.752 Thread 0x00000213acdab4d0 Exception <a 'java/lang/NoSuchMethodError'{0x00000000ec18d380}: 'int java.lang.invoke.DirectMethodHandle$Holder.invokeStaticInit(java.lang.Object, float, float)'> (0x00000000ec18d380) 
thrown [s\src\hotspot\share\interpreter\linkResolver.cpp, line 759]
Event: 22.754 Thread 0x00000213acdab4d0 Exception <a 'java/lang/NoSuchMethodError'{0x00000000ec194480}: 'int java.lang.invoke.DirectMethodHandle$Holder.invokeStaticInit(java.lang.Object, double, double)'> (0x00000000ec194480) 
thrown [s\src\hotspot\share\interpreter\linkResolver.cpp, line 759]
Event: 22.755 Thread 0x00000213acdab4d0 Exception <a 'java/lang/NoSuchMethodError'{0x00000000ec198f80}: 'int java.lang.invoke.DirectMethodHandle$Holder.invokeStatic(java.lang.Object, long)'> (0x00000000ec198f80) 
thrown [s\src\hotspot\share\interpreter\linkResolver.cpp, line 759]
Event: 22.772 Thread 0x00000213acdab4d0 Exception <a 'java/lang/NoSuchMethodError'{0x00000000ec1c12a0}: 'int java.lang.invoke.Invokers$Holder.linkToTargetMethod(java.lang.Object, java.lang.Object)'> (0x00000000ec1c12a0) 
thrown [s\src\hotspot\share\interpreter\linkResolver.cpp, line 759]
Event: 25.516 Thread 0x00000213acdab4d0 Implicit null exception at 0x000002139b0759d0 to 0x000002139b07663c
Event: 26.140 Thread 0x00000213ab97f9c0 Exception <a 'java/lang/NoSuchMethodError'{0x00000000eb3d83f0}: 'java.lang.Object java.lang.invoke.DirectMethodHandle$Holder.invokeSpecial(java.lang.Object, java.lang.Object, int, long)'> (0x00000000eb3d83f0) 
thrown [s\src\hotspot\share\interpreter\linkResolver.cpp, line 759]
Event: 26.775 Thread 0x00000213ab97f9c0 Exception <a 'java/lang/NoSuchMethodError'{0x00000000eb4809f0}: 'int java.lang.invoke.DirectMethodHandle$Holder.invokeSpecial(java.lang.Object, java.lang.Object, java.lang.Object, java.lang.Object)'> (0x00000000eb4809f0) 
thrown [s\src\hotspot\share\interpreter\linkResolver.cpp, line 759]
Event: 26.778 Thread 0x00000213ab97f9c0 Exception <a 'java/lang/NoSuchMethodError'{0x00000000eb49a2f0}: 'java.lang.Object java.lang.invoke.DirectMethodHandle$Holder.invokeStatic(java.lang.Object, int, java.lang.Object, java.lang.Object)'> (0x00000000eb49a2f0) 
thrown [s\src\hotspot\share\interpreter\linkResolver.cpp, line 759]
Event: 26.779 Thread 0x00000213ab97f9c0 Exception <a 'java/lang/NoSuchMethodError'{0x00000000eb49e0d0}: 'java.lang.Object java.lang.invoke.DelegatingMethodHandle$Holder.delegate(java.lang.Object, int, java.lang.Object, java.lang.Object)'> (0x00000000eb49e0d0) 
thrown [s\src\hotspot\share\interpreter\linkResolver.cpp, line 759]
Event: 26.783 Thread 0x00000213ab97f9c0 Exception <a 'java/lang/NoSuchMethodError'{0x00000000eb4b3918}: 'int java.lang.invoke.Invokers$Holder.linkToTargetMethod(java.lang.Object, java.lang.Object, java.lang.Object)'> (0x00000000eb4b3918) 
thrown [s\src\hotspot\share\interpreter\linkResolver.cpp, line 759]

VM Operations (20 events):
Event: 23.502 Executing VM operation: HandshakeAllThreads
Event: 23.502 Executing VM operation: HandshakeAllThreads done
Event: 23.987 Executing VM operation: HandshakeAllThreads
Event: 23.987 Executing VM operation: HandshakeAllThreads done
Event: 24.003 Executing VM operation: ParallelGCFailedAllocation
Event: 24.008 Executing VM operation: ParallelGCFailedAllocation done
Event: 25.009 Executing VM operation: Cleanup
Event: 25.009 Executing VM operation: Cleanup done
Event: 25.427 Executing VM operation: ParallelGCFailedAllocation
Event: 25.429 Executing VM operation: ParallelGCFailedAllocation done
Event: 26.443 Executing VM operation: Cleanup
Event: 26.443 Executing VM operation: Cleanup done
Event: 26.893 Executing VM operation: ParallelGCFailedAllocation
Event: 26.896 Executing VM operation: ParallelGCFailedAllocation done
Event: 27.006 Executing VM operation: ParallelGCFailedAllocation
Event: 27.010 Executing VM operation: ParallelGCFailedAllocation done
Event: 27.082 Executing VM operation: ParallelGCFailedAllocation
Event: 27.086 Executing VM operation: ParallelGCFailedAllocation done
Event: 27.146 Executing VM operation: ParallelGCFailedAllocation
Event: 27.150 Executing VM operation: ParallelGCFailedAllocation done

Memory protections (0 events):
No events

Nmethod flushes (0 events):
No events

Events (20 events):
Event: 13.550 Thread 0x0000021390680e20 Thread added: 0x00000213ab9803e0
Event: 13.550 Thread 0x0000021390680e20 Thread added: 0x00000213ab9808f0
Event: 13.551 Thread 0x0000021390680e20 Thread added: 0x00000213ab980e00
Event: 13.551 Thread 0x0000021390680e20 Thread added: 0x00000213ab981820
Event: 13.551 Thread 0x0000021390680e20 Thread added: 0x00000213ab981310
Event: 13.551 Thread 0x0000021390680e20 Thread added: 0x00000213acda6df0
Event: 13.551 Thread 0x0000021390680e20 Thread added: 0x00000213acda59b0
Event: 13.551 Thread 0x0000021390680e20 Thread added: 0x00000213acda9160
Event: 13.552 Thread 0x0000021390680e20 Thread added: 0x00000213acda5ec0
Event: 13.552 Thread 0x0000021390680e20 Thread added: 0x00000213acda63d0
Event: 13.552 Thread 0x0000021390680e20 Thread added: 0x00000213acda8230
Event: 13.552 Thread 0x0000021390680e20 Thread added: 0x00000213acda9670
Event: 13.553 Thread 0x0000021390680e20 Thread added: 0x00000213acda7d20
Event: 13.553 Thread 0x0000021390680e20 Thread added: 0x00000213acda9b80
Event: 13.553 Thread 0x0000021390680e20 Thread added: 0x00000213acda8740
Event: 13.599 Thread 0x0000021390680e20 Thread added: 0x00000213acdaa090
Event: 13.930 Thread 0x00000213ab97f4b0 Thread added: 0x00000213acda4f90
Event: 13.957 Thread 0x0000021390680e20 Thread added: 0x00000213acda68e0
Event: 13.957 Thread 0x0000021390680e20 Thread added: 0x00000213acdab4d0
Event: 17.067 Thread 0x00000213abece310 Thread exited: 0x00000213abece310


Dynamic libraries:
0x00007ff71d150000 - 0x00007ff71d15e000 	c:\Users\sunik\.vscode\extensions\redhat.java-1.37.0-win32-x64\jre\17.0.13-win32-x86_64\bin\java.exe
0x00007ff8d91f0000 - 0x00007ff8d9407000 	C:\windows\SYSTEM32\ntdll.dll
0x00007ff8d8a70000 - 0x00007ff8d8b34000 	C:\windows\System32\KERNEL32.DLL
0x00007ff8d66d0000 - 0x00007ff8d6a87000 	C:\windows\System32\KERNELBASE.dll
0x0000000052560000 - 0x0000000052892000 	C:\Program Files\Norton Security\NortonData\22.23.4.6\Definitions\IPSDefs\20240701.064\IPSEng64.dll
0x00007ff8d81d0000 - 0x00007ff8d8282000 	C:\windows\System32\ADVAPI32.dll
0x00007ff8d8cc0000 - 0x00007ff8d8d67000 	C:\windows\System32\msvcrt.dll
0x00007ff8d8c10000 - 0x00007ff8d8cb8000 	C:\windows\System32\sechost.dll
0x00007ff8d6b00000 - 0x00007ff8d6b28000 	C:\windows\System32\bcrypt.dll
0x00007ff8d9090000 - 0x00007ff8d91a4000 	C:\windows\System32\RPCRT4.dll
0x00007ff8d81c0000 - 0x00007ff8d81c8000 	C:\windows\System32\PSAPI.DLL
0x00007ff8d6580000 - 0x00007ff8d6691000 	C:\windows\System32\ucrtbase.dll
0x00007ff8ce130000 - 0x00007ff8ce147000 	c:\Users\sunik\.vscode\extensions\redhat.java-1.37.0-win32-x64\jre\17.0.13-win32-x86_64\bin\jli.dll
0x00007ff8ccbb0000 - 0x00007ff8ccbce000 	c:\Users\sunik\.vscode\extensions\redhat.java-1.37.0-win32-x64\jre\17.0.13-win32-x86_64\bin\VCRUNTIME140.dll
0x00007ff8d8440000 - 0x00007ff8d85ef000 	C:\windows\System32\USER32.dll
0x00007ff8d66a0000 - 0x00007ff8d66c6000 	C:\windows\System32\win32u.dll
0x00007ff8af240000 - 0x00007ff8af4d3000 	C:\windows\WinSxS\amd64_microsoft.windows.common-controls_6595b64144ccf1df_6.0.22621.3672_none_2713b9d173822955\COMCTL32.dll
0x00007ff8d8fe0000 - 0x00007ff8d9009000 	C:\windows\System32\GDI32.dll
0x00007ff8d6d60000 - 0x00007ff8d6e78000 	C:\windows\System32\gdi32full.dll
0x00007ff8d6e80000 - 0x00007ff8d6f1a000 	C:\windows\System32\msvcp_win.dll
0x00007ff8d82f0000 - 0x00007ff8d8321000 	C:\windows\System32\IMM32.DLL
0x00007ff8cfd10000 - 0x00007ff8cfd1c000 	c:\Users\sunik\.vscode\extensions\redhat.java-1.37.0-win32-x64\jre\17.0.13-win32-x86_64\bin\vcruntime140_1.dll
0x00007ff8a5800000 - 0x00007ff8a588d000 	c:\Users\sunik\.vscode\extensions\redhat.java-1.37.0-win32-x64\jre\17.0.13-win32-x86_64\bin\msvcp140.dll
0x00007ff840e10000 - 0x00007ff841a7b000 	c:\Users\sunik\.vscode\extensions\redhat.java-1.37.0-win32-x64\jre\17.0.13-win32-x86_64\bin\server\jvm.dll
0x00007ff8d8b40000 - 0x00007ff8d8bb1000 	C:\windows\System32\WS2_32.dll
0x00007ff8d5dd0000 - 0x00007ff8d5e1d000 	C:\windows\SYSTEM32\POWRPROF.dll
0x00007ff8c7430000 - 0x00007ff8c743a000 	C:\windows\SYSTEM32\VERSION.dll
0x00007ff8ccbd0000 - 0x00007ff8ccc04000 	C:\windows\SYSTEM32\WINMM.dll
0x00007ff8d5db0000 - 0x00007ff8d5dc3000 	C:\windows\SYSTEM32\UMPDC.dll
0x00007ff8d5510000 - 0x00007ff8d5528000 	C:\windows\SYSTEM32\kernel.appcore.dll
0x00007ff8cfcd0000 - 0x00007ff8cfcda000 	c:\Users\sunik\.vscode\extensions\redhat.java-1.37.0-win32-x64\jre\17.0.13-win32-x86_64\bin\jimage.dll
0x00007ff8d4100000 - 0x00007ff8d4332000 	C:\windows\SYSTEM32\DBGHELP.DLL
0x00007ff8d6f40000 - 0x00007ff8d72ce000 	C:\windows\System32\combase.dll
0x00007ff8d72d0000 - 0x00007ff8d73a7000 	C:\windows\System32\OLEAUT32.dll
0x00007ff8b3920000 - 0x00007ff8b3952000 	C:\windows\SYSTEM32\dbgcore.DLL
0x00007ff8d6500000 - 0x00007ff8d657b000 	C:\windows\System32\bcryptPrimitives.dll
0x00007ff8cedc0000 - 0x00007ff8cedce000 	c:\Users\sunik\.vscode\extensions\redhat.java-1.37.0-win32-x64\jre\17.0.13-win32-x86_64\bin\instrument.dll
0x00007ff8b5330000 - 0x00007ff8b5355000 	c:\Users\sunik\.vscode\extensions\redhat.java-1.37.0-win32-x64\jre\17.0.13-win32-x86_64\bin\java.dll
0x00007ff8cca00000 - 0x00007ff8cca18000 	c:\Users\sunik\.vscode\extensions\redhat.java-1.37.0-win32-x64\jre\17.0.13-win32-x86_64\bin\zip.dll
0x00007ff8d7950000 - 0x00007ff8d81b9000 	C:\windows\System32\SHELL32.dll
0x00007ff8d4340000 - 0x00007ff8d4c3f000 	C:\windows\SYSTEM32\windows.storage.dll
0x00007ff8d3f10000 - 0x00007ff8d404f000 	C:\windows\SYSTEM32\wintypes.dll
0x00007ff8d87a0000 - 0x00007ff8d8899000 	C:\windows\System32\SHCORE.dll
0x00007ff8d8f80000 - 0x00007ff8d8fde000 	C:\windows\System32\shlwapi.dll
0x00007ff8d6430000 - 0x00007ff8d6457000 	C:\windows\SYSTEM32\profapi.dll
0x00007ff8c6080000 - 0x00007ff8c6099000 	C:\Users\sunik\.vscode\extensions\redhat.java-1.37.0-win32-x64\jre\17.0.13-win32-x86_64\bin\net.dll
0x00007ff8d02f0000 - 0x00007ff8d0426000 	C:\windows\SYSTEM32\WINHTTP.dll
0x00007ff8d5980000 - 0x00007ff8d59e9000 	C:\windows\system32\mswsock.dll
0x00007ff8c5950000 - 0x00007ff8c5966000 	C:\Users\sunik\.vscode\extensions\redhat.java-1.37.0-win32-x64\jre\17.0.13-win32-x86_64\bin\nio.dll
0x00007ff8cd3c0000 - 0x00007ff8cd3d0000 	c:\Users\sunik\.vscode\extensions\redhat.java-1.37.0-win32-x64\jre\17.0.13-win32-x86_64\bin\verify.dll
0x00007ff892dc0000 - 0x00007ff892e05000 	C:\Users\sunik\AppData\Roaming\Code\User\globalStorage\redhat.java\1.37.0\config_ss_win\org.eclipse.equinox.launcher\org.eclipse.equinox.launcher.win32.win32.x86_64_1.2.1100.v20240722-2106\eclipse_11904.dll
0x00007ff8d85f0000 - 0x00007ff8d8795000 	C:\windows\System32\ole32.dll
0x00007ff8d5ba0000 - 0x00007ff8d5bbb000 	C:\windows\SYSTEM32\CRYPTSP.dll
0x00007ff8d5470000 - 0x00007ff8d54a5000 	C:\windows\system32\rsaenh.dll
0x00007ff8d5a40000 - 0x00007ff8d5a68000 	C:\windows\SYSTEM32\USERENV.dll
0x00007ff8d5bc0000 - 0x00007ff8d5bcc000 	C:\windows\SYSTEM32\CRYPTBASE.dll
0x00007ff8d4f80000 - 0x00007ff8d4fad000 	C:\windows\SYSTEM32\IPHLPAPI.DLL
0x00007ff8d8330000 - 0x00007ff8d8339000 	C:\windows\System32\NSI.dll
0x00007ff8d0210000 - 0x00007ff8d0229000 	C:\windows\SYSTEM32\dhcpcsvc6.DLL
0x00007ff8d01f0000 - 0x00007ff8d020f000 	C:\windows\SYSTEM32\dhcpcsvc.DLL
0x00007ff8d4ff0000 - 0x00007ff8d50f2000 	C:\windows\SYSTEM32\DNSAPI.dll
0x00007ff892030000 - 0x00007ff892079000 	C:\Users\sunik\AppData\Local\Temp\jna-109799534\jna6793940980712434527.dll

dbghelp: loaded successfully - version: 4.0.5 - missing functions: none
symbol engine: initialized successfully - sym options: 0x614 - pdb path: .;c:\Users\sunik\.vscode\extensions\redhat.java-1.37.0-win32-x64\jre\17.0.13-win32-x86_64\bin;C:\windows\SYSTEM32;C:\Program Files\Norton Security\NortonData\22.23.4.6\Definitions\IPSDefs\20240701.064;C:\windows\WinSxS\amd64_microsoft.windows.common-controls_6595b64144ccf1df_6.0.22621.3672_none_2713b9d173822955;c:\Users\sunik\.vscode\extensions\redhat.java-1.37.0-win32-x64\jre\17.0.13-win32-x86_64\bin\server;C:\Users\sunik\AppData\Roaming\Code\User\globalStorage\redhat.java\1.37.0\config_ss_win\org.eclipse.equinox.launcher\org.eclipse.equinox.launcher.win32.win32.x86_64_1.2.1100.v20240722-2106;C:\Users\sunik\AppData\Local\Temp\jna-109799534

VM Arguments:
jvm_args: --add-modules=ALL-SYSTEM --add-opens=java.base/java.util=ALL-UNNAMED --add-opens=java.base/java.lang=ALL-UNNAMED --add-opens=java.base/sun.nio.fs=ALL-UNNAMED -Declipse.application=org.eclipse.jdt.ls.core.id1 -Dosgi.bundles.defaultStartLevel=4 -Declipse.product=org.eclipse.jdt.ls.core.product -Djava.import.generatesMetadataFilesAtProjectRoot=false -DDetectVMInstallationsJob.disabled=true -Dfile.encoding=utf8 -XX:+UseParallelGC -XX:GCTimeRatio=4 -XX:AdaptiveSizePolicyWeight=90 -Dsun.zip.disableMemoryMapping=true -Xmx1G -Xms100m -Xlog:disable -javaagent:c:\Users\sunik\.vscode\extensions\redhat.java-1.37.0-win32-x64\lombok\lombok-1.18.34.jar 
java_command: c:\Users\sunik\.vscode\extensions\redhat.java-1.37.0-win32-x64\server\plugins\org.eclipse.equinox.launcher_1.6.900.v20240613-2009.jar -configuration c:\Users\sunik\AppData\Roaming\Code\User\globalStorage\redhat.java\1.37.0\config_ss_win -data c:\Users\sunik\AppData\Roaming\Code\User\workspaceStorage\5297cd4a9fa6e3eb48852d75dc28def7\redhat.java\ss_ws --pipe=\\.\pipe\lsp-e7e371cbfc88bfb91e6c4df160676a24-sock
java_class_path (initial): c:\Users\sunik\.vscode\extensions\redhat.java-1.37.0-win32-x64\server\plugins\org.eclipse.equinox.launcher_1.6.900.v20240613-2009.jar
Launcher Type: SUN_STANDARD

[Global flags]
    uintx AdaptiveSizePolicyWeight                 = 90                                        {product} {command line}
     intx CICompilerCount                          = 12                                        {product} {ergonomic}
    uintx GCTimeRatio                              = 4                                         {product} {command line}
   size_t InitialHeapSize                          = 104857600                                 {product} {command line}
   size_t MaxHeapSize                              = 1073741824                                {product} {command line}
   size_t MaxNewSize                               = 357564416                                 {product} {ergonomic}
   size_t MinHeapDeltaBytes                        = 524288                                    {product} {ergonomic}
   size_t MinHeapSize                              = 104857600                                 {product} {command line}
   size_t NewSize                                  = 34603008                                  {product} {ergonomic}
    uintx NonNMethodCodeHeapSize                   = 7602480                                {pd product} {ergonomic}
    uintx NonProfiledCodeHeapSize                  = 122027880                              {pd product} {ergonomic}
   size_t OldSize                                  = 70254592                                  {product} {ergonomic}
    uintx ProfiledCodeHeapSize                     = 122027880                              {pd product} {ergonomic}
    uintx ReservedCodeCacheSize                    = 251658240                              {pd product} {ergonomic}
     bool SegmentedCodeCache                       = true                                      {product} {ergonomic}
   size_t SoftMaxHeapSize                          = 1073741824                             {manageable} {ergonomic}
     bool UseCompressedClassPointers               = true                           {product lp64_product} {ergonomic}
     bool UseCompressedOops                        = true                           {product lp64_product} {ergonomic}
     bool UseLargePagesIndividualAllocation        = false                                  {pd product} {ergonomic}
     bool UseParallelGC                            = true                                      {product} {command line}

Logging:
Log output configuration:
 #0: stdout all=off uptime,level,tags
 #1: stderr all=off uptime,level,tags

Environment Variables:
JAVA_HOME=C:\Program Files (x86)\Java\jre-1.8
PATH=C:\Program Files\Common Files\Oracle\Java\javapath;C:\Python312\Scripts;C:\Python312\;C:\Python311\Scripts\;C:\Python311\;C:\windows\system32;C:\windows;C:\windows\System32\Wbem;C:\windows\System32\WindowsPowerShell\v1.0\;C:\windows\System32\OpenSSH\;C:\ProgramData\chocolatey\bin;D:\java\bin;C:\Program Files\Git LFS;C:\MinGW\bin;C:\Program Files\HP\HP One Agent;D:\Program Files\Git\cmd;D:\xampp\php;D:\composer;C:\Program Files\Salesforce CLI\bin;C:\Users\sunik\AppData\Local\Microsoft\WindowsApps;A:\Microsoft VS Code\bin;D:\Program Files\Microsoft VS Code\bin;C:\Users\sunik\AppData\Local\Pub\Cache\bin;D:\Java\jdk-22\bin;C:\Users\sunik\Downloads\flutter_windows_3.19.6-stable\flutter\bin;C:\Users\sunik\AppData\Local\Microsoft\WinGet\Links;C:\Users\sunik\AppData\Roaming\Composer\vendor\bin;C:\Program Files (x86)\sf\bin
USERNAME=sunik
OS=Windows_NT
PROCESSOR_IDENTIFIER=Intel64 Family 6 Model 154 Stepping 3, GenuineIntel
TMP=C:\Users\sunik\AppData\Local\Temp
TEMP=C:\Users\sunik\AppData\Local\Temp



Periodic native trim disabled


---------------  S Y S T E M  ---------------

OS:
 Windows 11 , 64 bit Build 22621 (10.0.22621.3958)
OS uptime: 54 days 12:58 hours
Hyper-V role detected

CPU: total 16 (initial active 16) (8 cores per cpu, 2 threads per core) family 6 model 154 stepping 3 microcode 0x42c, cx8, cmov, fxsr, ht, mmx, 3dnowpref, sse, sse2, sse3, ssse3, sse4.1, sse4.2, popcnt, lzcnt, tsc, tscinvbit, avx, avx2, aes, erms, clmul, bmi1, bmi2, adx, sha, fma, vzeroupper, clflush, clflushopt, clwb, hv
Processor Information for processor 0
  Max Mhz: 1700, Current Mhz: 1700, Mhz Limit: 1700
Processor Information for processor 1
  Max Mhz: 1700, Current Mhz: 1700, Mhz Limit: 1700
Processor Information for processor 2
  Max Mhz: 1700, Current Mhz: 1700, Mhz Limit: 1700
Processor Information for processor 3
  Max Mhz: 1700, Current Mhz: 1700, Mhz Limit: 1700
Processor Information for processor 4
  Max Mhz: 1700, Current Mhz: 1700, Mhz Limit: 1700
Processor Information for processor 5
  Max Mhz: 1700, Current Mhz: 1700, Mhz Limit: 1700
Processor Information for processor 6
  Max Mhz: 1700, Current Mhz: 1700, Mhz Limit: 1700
Processor Information for processor 7
  Max Mhz: 1700, Current Mhz: 1700, Mhz Limit: 1700
Processor Information for processor 8
  Max Mhz: 1700, Current Mhz: 1200, Mhz Limit: 1190
Processor Information for processor 9
  Max Mhz: 1700, Current Mhz: 1200, Mhz Limit: 1190
Processor Information for processor 10
  Max Mhz: 1700, Current Mhz: 1200, Mhz Limit: 1190
Processor Information for processor 11
  Max Mhz: 1700, Current Mhz: 1200, Mhz Limit: 1190
Processor Information for processor 12
  Max Mhz: 1700, Current Mhz: 1200, Mhz Limit: 1190
Processor Information for processor 13
  Max Mhz: 1700, Current Mhz: 1200, Mhz Limit: 1190
Processor Information for processor 14
  Max Mhz: 1700, Current Mhz: 1200, Mhz Limit: 1190
Processor Information for processor 15
  Max Mhz: 1700, Current Mhz: 1200, Mhz Limit: 1190

Memory: 4k page, system-wide physical 7860M (3M free)
TotalPageFile size 30228M (AvailPageFile size 44M)
current process WorkingSet (physical memory assigned to process): 96M, peak: 154M
current process commit charge ("private bytes"): 278M, peak: 279M

vm_info: OpenJDK 64-Bit Server VM (17.0.13+11) for windows-amd64 JRE (17.0.13+11), built on Oct 16 2024 00:10:08 by "admin" with MS VC++ 17.7 (VS2022)

END.
