#
# There is insufficient memory for the Java Runtime Environment to continue.
# Native memory allocation (malloc) failed to allocate 308816 bytes. Error detail: Chunk::new
# Possible reasons:
#   The system is out of physical RAM or swap space
#   This process is running with CompressedOops enabled, and the Java Heap may be blocking the growth of the native heap
# Possible solutions:
#   Reduce memory load on the system
#   Increase physical memory or swap space
#   Check if swap backing store is full
#   Decrease Java heap size (-Xmx/-Xms)
#   Decrease number of Java threads
#   Decrease Java thread stack sizes (-Xss)
#   Set larger code cache with -XX:ReservedCodeCacheSize=
#   JVM is running with Unscaled Compressed Oops mode in which the Java heap is
#     placed in the first 4GB address space. The Java Heap base address is the
#     maximum limit for the native heap growth. Please use -XX:HeapBaseMinAddress
#     to set the Java Heap base and to place the Java Heap above 4GB virtual address.
# This output file may be truncated or incomplete.
#
#  Out of Memory Error (arena.cpp:191), pid=30688, tid=29224
#
# JRE version: OpenJDK Runtime Environment Temurin-17.0.13+11 (17.0.13+11) (build 17.0.13+11)
# Java VM: OpenJDK 64-Bit Server VM Temurin-17.0.13+11 (17.0.13+11, mixed mode, tiered, compressed oops, compressed class ptrs, parallel gc, windows-amd64)
# No core dump will be written. Minidumps are not enabled by default on client versions of Windows
#

---------------  S U M M A R Y ------------

Command Line: --add-modules=ALL-SYSTEM --add-opens=java.base/java.util=ALL-UNNAMED --add-opens=java.base/java.lang=ALL-UNNAMED --add-opens=java.base/sun.nio.fs=ALL-UNNAMED -Declipse.application=org.eclipse.jdt.ls.core.id1 -Dosgi.bundles.defaultStartLevel=4 -Declipse.product=org.eclipse.jdt.ls.core.product -Djava.import.generatesMetadataFilesAtProjectRoot=false -DDetectVMInstallationsJob.disabled=true -Dfile.encoding=utf8 -XX:+UseParallelGC -XX:GCTimeRatio=4 -XX:AdaptiveSizePolicyWeight=90 -Dsun.zip.disableMemoryMapping=true -Xmx1G -Xms100m -Xlog:disable -javaagent:c:\Users\sunik\.vscode\extensions\redhat.java-1.37.0-win32-x64\lombok\lombok-1.18.34.jar -XX:+HeapDumpOnOutOfMemoryError -XX:HeapDumpPath=c:\Users\sunik\AppData\Roaming\Code\User\workspaceStorage\5297cd4a9fa6e3eb48852d75dc28def7\redhat.java -Daether.dependencyCollector.impl=bf c:\Users\sunik\.vscode\extensions\redhat.java-1.37.0-win32-x64\server\plugins\org.eclipse.equinox.launcher_1.6.900.v20240613-2009.jar -configuration c:\Users\sunik\AppData\Roaming\Code\User\globalStorage\redhat.java\1.37.0\config_win -data c:\Users\sunik\AppData\Roaming\Code\User\workspaceStorage\5297cd4a9fa6e3eb48852d75dc28def7\redhat.java\jdt_ws --pipe=\\.\pipe\lsp-65ea0048cea77f54fca045e4d2902f0e-sock

Host: 12th Gen Intel(R) Core(TM) i5-1240P, 16 cores, 7G,  Windows 11 , 64 bit Build 22621 (10.0.22621.3958)
Time: Sun Dec  8 00:17:01 2024 India Standard Time elapsed time: 17.237301 seconds (0d 0h 0m 17s)

---------------  T H R E A D  ---------------

Current thread (0x000001e8e45984d0):  JavaThread "C2 CompilerThread0" daemon [_thread_in_native, id=29224, stack(0x00000046f0a00000,0x00000046f0b00000)]


Current CompileTask:
C2:  17237 8579       4       org.eclipse.core.internal.localstore.FileStoreRoot::createStore (90 bytes)

Stack: [0x00000046f0a00000,0x00000046f0b00000]
Native frames: (J=compiled Java code, j=interpreted, Vv=VM code, C=native code)
V  [jvm.dll+0x682a19]
V  [jvm.dll+0x839538]
V  [jvm.dll+0x83afe3]
V  [jvm.dll+0x83b653]
V  [jvm.dll+0x24704f]
V  [jvm.dll+0xace34]
V  [jvm.dll+0xad4cc]
V  [jvm.dll+0x36592f]
V  [jvm.dll+0x1ba793]
V  [jvm.dll+0x2181a7]
V  [jvm.dll+0x21748f]
V  [jvm.dll+0x1a3070]
V  [jvm.dll+0x22788c]
V  [jvm.dll+0x2259eb]
V  [jvm.dll+0x7eec98]
V  [jvm.dll+0x7e8ffc]
V  [jvm.dll+0x6818f7]
C  [ucrtbase.dll+0x29333]
C  [KERNEL32.DLL+0x1257d]
C  [ntdll.dll+0x5af08]


---------------  P R O C E S S  ---------------

Threads class SMR info:
_java_thread_list=0x000001e8e9c8f6c0, length=64, elements={
0x000001e8cb7d84a0, 0x000001e8e456c390, 0x000001e8e456e310, 0x000001e8df63e8c0,
0x000001e8df636800, 0x000001e8e458eb80, 0x000001e8e458d740, 0x000001e8e45984d0,
0x000001e8e459f6c0, 0x000001e8e45a22e0, 0x000001e8e458cd20, 0x000001e8e458f090,
0x000001e8e458dc50, 0x000001e8e458bdf0, 0x000001e8e458e160, 0x000001e8e458b8e0,
0x000001e8e458e670, 0x000001e8e458c300, 0x000001e8e78e67a0, 0x000001e8e78ea970,
0x000001e8e78ea460, 0x000001e8e78e7be0, 0x000001e8e78e8b10, 0x000001e8e78e4940,
0x000001e8e78e80f0, 0x000001e8e78e6290, 0x000001e8e78e4430, 0x000001e8e78e4e50,
0x000001e8e78e8600, 0x000001e8e78e9020, 0x000001e8e78e71c0, 0x000001e8e78e5360,
0x000001e8e78e9f50, 0x000001e8e78e76d0, 0x000001e8e78e6cb0, 0x000001e8e78eae80,
0x000001e8e78eb390, 0x000001e8e78e3f20, 0x000001e8e78eb8a0, 0x000001e8e78e5870,
0x000001e8e78e5d80, 0x000001e8eaae12c0, 0x000001e8eaae08a0, 0x000001e8eaadfe80,
0x000001e8eaadef50, 0x000001e8eaadea40, 0x000001e8eaad9e50, 0x000001e8eaadd0f0,
0x000001e8eaadd600, 0x000001e8eaadf460, 0x000001e8eaae0390, 0x000001e8eaadc1c0,
0x000001e8eaae17d0, 0x000001e8eaaddb10, 0x000001e8eaade020, 0x000001e8eaadf970,
0x000001e8eaae0db0, 0x000001e8eaada360, 0x000001e8eaade530, 0x000001e8eaadb7a0,
0x000001e8eaadc6d0, 0x000001e8eaadcbe0, 0x000001e8e78e9530, 0x000001e8e78e9a40
}

Java Threads: ( => current thread )
  0x000001e8cb7d84a0 JavaThread "main" [_thread_blocked, id=27840, stack(0x00000046f0100000,0x00000046f0200000)]
  0x000001e8e456c390 JavaThread "Reference Handler" daemon [_thread_blocked, id=23624, stack(0x00000046f0400000,0x00000046f0500000)]
  0x000001e8e456e310 JavaThread "Finalizer" daemon [_thread_blocked, id=41172, stack(0x00000046f0500000,0x00000046f0600000)]
  0x000001e8df63e8c0 JavaThread "Signal Dispatcher" daemon [_thread_blocked, id=41444, stack(0x00000046f0600000,0x00000046f0700000)]
  0x000001e8df636800 JavaThread "Attach Listener" daemon [_thread_blocked, id=2860, stack(0x00000046f0700000,0x00000046f0800000)]
  0x000001e8e458eb80 JavaThread "Service Thread" daemon [_thread_blocked, id=26568, stack(0x00000046f0800000,0x00000046f0900000)]
  0x000001e8e458d740 JavaThread "Monitor Deflation Thread" daemon [_thread_blocked, id=24604, stack(0x00000046f0900000,0x00000046f0a00000)]
=>0x000001e8e45984d0 JavaThread "C2 CompilerThread0" daemon [_thread_in_native, id=29224, stack(0x00000046f0a00000,0x00000046f0b00000)]
  0x000001e8e459f6c0 JavaThread "C1 CompilerThread0" daemon [_thread_blocked, id=42696, stack(0x00000046f0b00000,0x00000046f0c00000)]
  0x000001e8e45a22e0 JavaThread "Sweeper thread" daemon [_thread_blocked, id=40212, stack(0x00000046f0c00000,0x00000046f0d00000)]
  0x000001e8e458cd20 JavaThread "Common-Cleaner" daemon [_thread_blocked, id=30844, stack(0x00000046f0d00000,0x00000046f0e00000)]
  0x000001e8e458f090 JavaThread "Notification Thread" daemon [_thread_blocked, id=31392, stack(0x00000046f1200000,0x00000046f1300000)]
  0x000001e8e458dc50 JavaThread "Active Thread: Equinox Container: e766a98c-31ca-4ba5-97d0-e4b0a0998e61" [_thread_blocked, id=15392, stack(0x00000046f1a00000,0x00000046f1b00000)]
  0x000001e8e458bdf0 JavaThread "Refresh Thread: Equinox Container: e766a98c-31ca-4ba5-97d0-e4b0a0998e61" daemon [_thread_blocked, id=5384, stack(0x00000046f1b00000,0x00000046f1c00000)]
  0x000001e8e458e160 JavaThread "Framework Event Dispatcher: Equinox Container: e766a98c-31ca-4ba5-97d0-e4b0a0998e61" daemon [_thread_blocked, id=21124, stack(0x00000046f1e00000,0x00000046f1f00000)]
  0x000001e8e458b8e0 JavaThread "Start Level: Equinox Container: e766a98c-31ca-4ba5-97d0-e4b0a0998e61" daemon [_thread_blocked, id=42592, stack(0x00000046f1f00000,0x00000046f2000000)]
  0x000001e8e458e670 JavaThread "Bundle File Closer" daemon [_thread_blocked, id=33588, stack(0x00000046f2000000,0x00000046f2100000)]
  0x000001e8e458c300 JavaThread "SCR Component Actor" daemon [_thread_blocked, id=42484, stack(0x00000046f1400000,0x00000046f1500000)]
  0x000001e8e78e67a0 JavaThread "Worker-JM" [_thread_blocked, id=35324, stack(0x00000046f2600000,0x00000046f2700000)]
  0x000001e8e78ea970 JavaThread "JNA Cleaner" daemon [_thread_blocked, id=40900, stack(0x00000046f1000000,0x00000046f1100000)]
  0x000001e8e78ea460 JavaThread "Worker-0: Java indexing... " [_thread_blocked, id=15040, stack(0x00000046f2700000,0x00000046f2800000)]
  0x000001e8e78e7be0 JavaThread "Worker-1" [_thread_blocked, id=34364, stack(0x00000046f2800000,0x00000046f2900000)]
  0x000001e8e78e8b10 JavaThread "Java indexing" daemon [_thread_in_Java, id=33424, stack(0x00000046f2c00000,0x00000046f2d00000)]
  0x000001e8e78e4940 JavaThread "Thread-2" daemon [_thread_in_native, id=23284, stack(0x00000046f2f00000,0x00000046f3000000)]
  0x000001e8e78e80f0 JavaThread "Thread-3" daemon [_thread_in_native, id=43796, stack(0x00000046f3000000,0x00000046f3100000)]
  0x000001e8e78e6290 JavaThread "Thread-4" daemon [_thread_in_native, id=37496, stack(0x00000046f3100000,0x00000046f3200000)]
  0x000001e8e78e4430 JavaThread "Thread-5" daemon [_thread_in_native, id=42328, stack(0x00000046f3200000,0x00000046f3300000)]
  0x000001e8e78e4e50 JavaThread "Thread-6" daemon [_thread_in_native, id=21760, stack(0x00000046f3300000,0x00000046f3400000)]
  0x000001e8e78e8600 JavaThread "Thread-7" daemon [_thread_in_native, id=22816, stack(0x00000046f3400000,0x00000046f3500000)]
  0x000001e8e78e9020 JavaThread "Thread-8" daemon [_thread_in_native, id=24764, stack(0x00000046f3500000,0x00000046f3600000)]
  0x000001e8e78e71c0 JavaThread "Thread-9" daemon [_thread_in_native, id=35532, stack(0x00000046f3600000,0x00000046f3700000)]
  0x000001e8e78e5360 JavaThread "Thread-10" daemon [_thread_in_native, id=27856, stack(0x00000046f3700000,0x00000046f3800000)]
  0x000001e8e78e9f50 JavaThread "Thread-11" daemon [_thread_in_native, id=29220, stack(0x00000046f3800000,0x00000046f3900000)]
  0x000001e8e78e76d0 JavaThread "Thread-12" daemon [_thread_in_native, id=13752, stack(0x00000046f3900000,0x00000046f3a00000)]
  0x000001e8e78e6cb0 JavaThread "Thread-13" daemon [_thread_in_native, id=28204, stack(0x00000046f3a00000,0x00000046f3b00000)]
  0x000001e8e78eae80 JavaThread "Thread-14" daemon [_thread_in_native, id=1160, stack(0x00000046f3b00000,0x00000046f3c00000)]
  0x000001e8e78eb390 JavaThread "Thread-15" daemon [_thread_in_native, id=40148, stack(0x00000046f3c00000,0x00000046f3d00000)]
  0x000001e8e78e3f20 JavaThread "Thread-16" daemon [_thread_in_native, id=4876, stack(0x00000046f3d00000,0x00000046f3e00000)]
  0x000001e8e78eb8a0 JavaThread "Thread-17" daemon [_thread_in_native, id=37136, stack(0x00000046f3e00000,0x00000046f3f00000)]
  0x000001e8e78e5870 JavaThread "Thread-18" daemon [_thread_in_native, id=37896, stack(0x00000046f3f00000,0x00000046f4000000)]
  0x000001e8e78e5d80 JavaThread "pool-2-thread-1" [_thread_blocked, id=15708, stack(0x00000046f4000000,0x00000046f4100000)]
  0x000001e8eaae12c0 JavaThread "Worker-2" [_thread_blocked, id=16640, stack(0x00000046f4100000,0x00000046f4200000)]
  0x000001e8eaae08a0 JavaThread "Worker-3: Building" [_thread_in_native, id=31636, stack(0x00000046f4200000,0x00000046f4300000)]
  0x000001e8eaadfe80 JavaThread "Worker-4" [_thread_blocked, id=10308, stack(0x00000046f4300000,0x00000046f4400000)]
  0x000001e8eaadef50 JavaThread "Worker-5" [_thread_blocked, id=15824, stack(0x00000046f4400000,0x00000046f4500000)]
  0x000001e8eaadea40 JavaThread "WorkspaceEventsHandler" [_thread_blocked, id=12020, stack(0x00000046f4500000,0x00000046f4600000)]
  0x000001e8eaad9e50 JavaThread "pool-1-thread-1" [_thread_blocked, id=24512, stack(0x00000046f4600000,0x00000046f4700000)]
  0x000001e8eaadd0f0 JavaThread "Worker-6" [_thread_blocked, id=24848, stack(0x00000046f4700000,0x00000046f4800000)]
  0x000001e8eaadd600 JavaThread "LocalFile Deleter" daemon [_thread_blocked, id=19228, stack(0x00000046f4800000,0x00000046f4900000)]
  0x000001e8eaadf460 JavaThread "LocalFile Deleter" daemon [_thread_blocked, id=18788, stack(0x00000046f4900000,0x00000046f4a00000)]
  0x000001e8eaae0390 JavaThread "LocalFile Deleter" daemon [_thread_blocked, id=21752, stack(0x00000046f4a00000,0x00000046f4b00000)]
  0x000001e8eaadc1c0 JavaThread "LocalFile Deleter" daemon [_thread_blocked, id=4788, stack(0x00000046f4b00000,0x00000046f4c00000)]
  0x000001e8eaae17d0 JavaThread "LocalFile Deleter" daemon [_thread_blocked, id=12676, stack(0x00000046f4c00000,0x00000046f4d00000)]
  0x000001e8eaaddb10 JavaThread "LocalFile Deleter" daemon [_thread_blocked, id=43608, stack(0x00000046f4d00000,0x00000046f4e00000)]
  0x000001e8eaade020 JavaThread "LocalFile Deleter" daemon [_thread_blocked, id=40236, stack(0x00000046f4e00000,0x00000046f4f00000)]
  0x000001e8eaadf970 JavaThread "LocalFile Deleter" daemon [_thread_blocked, id=17948, stack(0x00000046f4f00000,0x00000046f5000000)]
  0x000001e8eaae0db0 JavaThread "LocalFile Deleter" daemon [_thread_blocked, id=41784, stack(0x00000046f5000000,0x00000046f5100000)]
  0x000001e8eaada360 JavaThread "LocalFile Deleter" daemon [_thread_blocked, id=2236, stack(0x00000046f5100000,0x00000046f5200000)]
  0x000001e8eaade530 JavaThread "LocalFile Deleter" daemon [_thread_blocked, id=13288, stack(0x00000046f5200000,0x00000046f5300000)]
  0x000001e8eaadb7a0 JavaThread "LocalFile Deleter" daemon [_thread_blocked, id=20800, stack(0x00000046f2300000,0x00000046f2400000)]
  0x000001e8eaadc6d0 JavaThread "LocalFile Deleter" daemon [_thread_blocked, id=22764, stack(0x00000046f5300000,0x00000046f5400000)]
  0x000001e8eaadcbe0 JavaThread "LocalFile Deleter" daemon [_thread_blocked, id=22288, stack(0x00000046f5400000,0x00000046f5500000)]
  0x000001e8e78e9530 JavaThread "LocalFile Deleter" daemon [_thread_blocked, id=10796, stack(0x00000046f5500000,0x00000046f5600000)]
  0x000001e8e78e9a40 JavaThread "LocalFile Deleter" daemon [_thread_blocked, id=27416, stack(0x00000046f5600000,0x00000046f5700000)]

Other Threads:
  0x000001e8df627850 VMThread "VM Thread" [stack: 0x00000046f0300000,0x00000046f0400000] [id=35592]
  0x000001e8e69ce540 WatcherThread [stack: 0x00000046f1300000,0x00000046f1400000] [id=40752]
  0x000001e8cb7ed070 GCTaskThread "GC Thread#0" [stack: 0x00000046f0200000,0x00000046f0300000] [id=42504]
  0x000001e8e6f521c0 GCTaskThread "GC Thread#1" [stack: 0x00000046f1500000,0x00000046f1600000] [id=27388]
  0x000001e8e6e64ee0 GCTaskThread "GC Thread#2" [stack: 0x00000046f1600000,0x00000046f1700000] [id=43288]
  0x000001e8e70b7c10 GCTaskThread "GC Thread#3" [stack: 0x00000046f1700000,0x00000046f1800000] [id=12316]
  0x000001e8e70b7ed0 GCTaskThread "GC Thread#4" [stack: 0x00000046f1800000,0x00000046f1900000] [id=20000]
  0x000001e8e70b8190 GCTaskThread "GC Thread#5" [stack: 0x00000046f1900000,0x00000046f1a00000] [id=19248]
  0x000001e8e6f18040 GCTaskThread "GC Thread#6" [stack: 0x00000046f1c00000,0x00000046f1d00000] [id=21724]
  0x000001e8e734bdc0 GCTaskThread "GC Thread#7" [stack: 0x00000046f1d00000,0x00000046f1e00000] [id=25272]
  0x000001e8e7907b90 GCTaskThread "GC Thread#8" [stack: 0x00000046f2100000,0x00000046f2200000] [id=27148]
  0x000001e8e7907e50 GCTaskThread "GC Thread#9" [stack: 0x00000046f2200000,0x00000046f2300000] [id=30932]
  0x000001e8e78f3660 GCTaskThread "GC Thread#10" [stack: 0x00000046f2400000,0x00000046f2500000] [id=31592]
  0x000001e8e7b3f5d0 GCTaskThread "GC Thread#11" [stack: 0x00000046f2500000,0x00000046f2600000] [id=13436]
  0x000001e8e7be1550 GCTaskThread "GC Thread#12" [stack: 0x00000046f2900000,0x00000046f2a00000] [id=32540]

Threads with active compile tasks:
C2 CompilerThread0    17298 8579       4       org.eclipse.core.internal.localstore.FileStoreRoot::createStore (90 bytes)

VM state: not at safepoint (normal execution)

VM Mutex/Monitor currently owned by a thread: None

Heap address: 0x00000000c0000000, size: 1024 MB, Compressed Oops mode: 32-bit

CDS archive(s) not mapped
Compressed class space mapped at: 0x0000000100000000-0x0000000140000000, reserved size: 1073741824
Narrow klass base: 0x0000000000000000, Narrow klass shift: 3, Narrow klass range: 0x140000000

GC Precious Log:
 CPUs: 16 total, 16 available
 Memory: 7860M
 Large Page Support: Disabled
 NUMA Support: Disabled
 Compressed Oops: Enabled (32-bit)
 Alignments: Space 512K, Generation 512K, Heap 2M
 Heap Min Capacity: 100M
 Heap Initial Capacity: 100M
 Heap Max Capacity: 1G
 Pre-touch: Disabled
 Parallel Workers: 13

Heap:
 PSYoungGen      total 9728K, used 9512K [0x00000000eab00000, 0x00000000ebb00000, 0x0000000100000000)
  eden space 4096K, 99% used [0x00000000eab00000,0x00000000eaefa190,0x00000000eaf00000)
  from space 5632K, 96% used [0x00000000eaf80000,0x00000000eb4d0000,0x00000000eb500000)
  to   space 6144K, 0% used [0x00000000eb500000,0x00000000eb500000,0x00000000ebb00000)
 ParOldGen       total 388608K, used 327984K [0x00000000c0000000, 0x00000000d7b80000, 0x00000000eab00000)
  object space 388608K, 84% used [0x00000000c0000000,0x00000000d404c3a0,0x00000000d7b80000)
 Metaspace       used 57398K, committed 58496K, reserved 1114112K
  class space    used 6081K, committed 6528K, reserved 1048576K

Card table byte_map: [0x000001e8cb140000,0x000001e8cb350000] _byte_map_base: 0x000001e8cab40000

Marking Bits: (ParMarkBitMap*) 0x00007ff8419b6940
 Begin Bits: [0x000001e8dd440000, 0x000001e8de440000)
 End Bits:   [0x000001e8de440000, 0x000001e8df440000)

Polling page: 0x000001e8c9750000

Metaspace:

Usage:
  Non-class:     50.11 MB used.
      Class:      5.94 MB used.
       Both:     56.05 MB used.

Virtual space:
  Non-class space:       64.00 MB reserved,      50.75 MB ( 79%) committed,  1 nodes.
      Class space:        1.00 GB reserved,       6.38 MB ( <1%) committed,  1 nodes.
             Both:        1.06 GB reserved,      57.12 MB (  5%) committed. 

Chunk freelists:
   Non-Class:  12.53 MB
       Class:  9.64 MB
        Both:  22.17 MB

MaxMetaspaceSize: unlimited
CompressedClassSpaceSize: 1.00 GB
Initial GC threshold: 21.00 MB
Current GC threshold: 95.25 MB
CDS: off
MetaspaceReclaimPolicy: balanced
 - commit_granule_bytes: 65536.
 - commit_granule_words: 8192.
 - virtual_space_node_default_size: 8388608.
 - enlarge_chunks_in_place: 1.
 - new_chunks_are_fully_committed: 0.
 - uncommit_free_chunks: 1.
 - use_allocation_guard: 0.
 - handle_deallocations: 1.


Internal statistics:

num_allocs_failed_limit: 6.
num_arena_births: 622.
num_arena_deaths: 30.
num_vsnodes_births: 2.
num_vsnodes_deaths: 0.
num_space_committed: 914.
num_space_uncommitted: 0.
num_chunks_returned_to_freelist: 39.
num_chunks_taken_from_freelist: 2919.
num_chunk_merges: 11.
num_chunk_splits: 1791.
num_chunks_enlarged: 1040.
num_inconsistent_stats: 0.

CodeHeap 'non-profiled nmethods': size=119168Kb used=4878Kb max_used=4924Kb free=114289Kb
 bounds [0x000001e8d5fe0000, 0x000001e8d64b0000, 0x000001e8dd440000]
CodeHeap 'profiled nmethods': size=119104Kb used=12677Kb max_used=15064Kb free=106427Kb
 bounds [0x000001e8ce440000, 0x000001e8cf300000, 0x000001e8d5890000]
CodeHeap 'non-nmethods': size=7488Kb used=1326Kb max_used=3094Kb free=6161Kb
 bounds [0x000001e8d5890000, 0x000001e8d5bb0000, 0x000001e8d5fe0000]
 total_blobs=7463 nmethods=6801 adapters=576
 compilation: enabled
              stopped_count=0, restarted_count=0
 full_count=0

Compilation events (20 events):
Event: 16.959 Thread 0x000001e8e45984d0 nmethod 8569 0x000001e8d6233d90 code [0x000001e8d6234000, 0x000001e8d62355b0]
Event: 16.960 Thread 0x000001e8e45984d0 8572       4       org.eclipse.jdt.internal.core.index.DiskIndex::writeStreamChars (220 bytes)
Event: 16.977 Thread 0x000001e8e45984d0 nmethod 8572 0x000001e8d6232c10 code [0x000001e8d6232de0, 0x000001e8d6233870]
Event: 16.977 Thread 0x000001e8e45984d0 8573 %     4       org.eclipse.jdt.internal.core.index.DiskIndex::writeCategoryTable @ 154 (252 bytes)
Event: 16.985 Thread 0x000001e8e45984d0 nmethod 8573% 0x000001e8d6231f90 code [0x000001e8d6232160, 0x000001e8d6232760]
Event: 16.985 Thread 0x000001e8e45984d0 8574   !   4       org.eclipse.osgi.util.NLS::internalBind (412 bytes)
Event: 16.994 Thread 0x000001e8e459f6c0 8575       3       org.eclipse.core.runtime.MultiStatus::<init> (22 bytes)
Event: 16.994 Thread 0x000001e8e459f6c0 nmethod 8575 0x000001e8ce553b90 code [0x000001e8ce553d60, 0x000001e8ce5540e8]
Event: 17.060 Thread 0x000001e8e45984d0 nmethod 8574 0x000001e8d620db10 code [0x000001e8d620de40, 0x000001e8d62113b8]
Event: 17.113 Thread 0x000001e8e45984d0 8576       4       java.lang.Math::min (45 bytes)
Event: 17.115 Thread 0x000001e8e45984d0 nmethod 8576 0x000001e8d615cf90 code [0x000001e8d615d140, 0x000001e8d615d278]
Event: 17.116 Thread 0x000001e8e45984d0 8577       4       org.eclipse.core.runtime.SubMonitor::newChild (194 bytes)
Event: 17.121 Thread 0x000001e8e45984d0 nmethod 8577 0x000001e8d6083b90 code [0x000001e8d6083d40, 0x000001e8d6083fd8]
Event: 17.164 Thread 0x000001e8e459f6c0 8578       3       org.eclipse.jdt.internal.core.index.DiskIndex::writeCategoryTable (252 bytes)
Event: 17.165 Thread 0x000001e8e459f6c0 nmethod 8578 0x000001e8ceed0710 code [0x000001e8ceed09e0, 0x000001e8ceed1c98]
Event: 17.187 Thread 0x000001e8e45984d0 8579       4       org.eclipse.core.internal.localstore.FileStoreRoot::createStore (90 bytes)
Event: 17.217 Thread 0x000001e8e459f6c0 8581       3       org.eclipse.core.internal.resources.LocationValidator::validatePath (345 bytes)
Event: 17.221 Thread 0x000001e8e459f6c0 nmethod 8581 0x000001e8ce5f9d10 code [0x000001e8ce5fa240, 0x000001e8ce5fc658]
Event: 17.221 Thread 0x000001e8e459f6c0 8580       3       org.eclipse.core.internal.resources.Resource::checkValidPath (36 bytes)
Event: 17.221 Thread 0x000001e8e459f6c0 nmethod 8580 0x000001e8ce672a90 code [0x000001e8ce672c60, 0x000001e8ce672f88]

GC Heap History (20 events):
Event: 15.624 GC heap before
{Heap before GC invocations=399 (full 13):
 PSYoungGen      total 12288K, used 12274K [0x00000000eab00000, 0x00000000ec480000, 0x0000000100000000)
  eden space 5632K, 100% used [0x00000000eab00000,0x00000000eb080000,0x00000000eb080000)
  from space 6656K, 99% used [0x00000000eb080000,0x00000000eb6fc950,0x00000000eb700000)
  to   space 10240K, 0% used [0x00000000eba80000,0x00000000eba80000,0x00000000ec480000)
 ParOldGen       total 322048K, used 319784K [0x00000000c0000000, 0x00000000d3a80000, 0x00000000eab00000)
  object space 322048K, 99% used [0x00000000c0000000,0x00000000d384a110,0x00000000d3a80000)
 Metaspace       used 57378K, committed 58496K, reserved 1114112K
  class space    used 6081K, committed 6528K, reserved 1048576K
}
Event: 15.785 GC heap after
{Heap after GC invocations=399 (full 13):
 PSYoungGen      total 15872K, used 0K [0x00000000eab00000, 0x00000000ec500000, 0x0000000100000000)
  eden space 5632K, 0% used [0x00000000eab00000,0x00000000eab00000,0x00000000eb080000)
  from space 10240K, 0% used [0x00000000eba80000,0x00000000eba80000,0x00000000ec480000)
  to   space 10240K, 0% used [0x00000000eb080000,0x00000000eb080000,0x00000000eba80000)
 ParOldGen       total 322048K, used 318919K [0x00000000c0000000, 0x00000000d3a80000, 0x00000000eab00000)
  object space 322048K, 99% used [0x00000000c0000000,0x00000000d3771dc8,0x00000000d3a80000)
 Metaspace       used 57378K, committed 58496K, reserved 1114112K
  class space    used 6081K, committed 6528K, reserved 1048576K
}
Event: 15.879 GC heap before
{Heap before GC invocations=400 (full 13):
 PSYoungGen      total 15872K, used 5632K [0x00000000eab00000, 0x00000000ec500000, 0x0000000100000000)
  eden space 5632K, 100% used [0x00000000eab00000,0x00000000eb080000,0x00000000eb080000)
  from space 10240K, 0% used [0x00000000eba80000,0x00000000eba80000,0x00000000ec480000)
  to   space 10240K, 0% used [0x00000000eb080000,0x00000000eb080000,0x00000000eba80000)
 ParOldGen       total 322048K, used 318919K [0x00000000c0000000, 0x00000000d3a80000, 0x00000000eab00000)
  object space 322048K, 99% used [0x00000000c0000000,0x00000000d3771dc8,0x00000000d3a80000)
 Metaspace       used 57378K, committed 58496K, reserved 1114112K
  class space    used 6081K, committed 6528K, reserved 1048576K
}
Event: 15.885 GC heap after
{Heap after GC invocations=400 (full 13):
 PSYoungGen      total 10752K, used 4685K [0x00000000eab00000, 0x00000000ebe00000, 0x0000000100000000)
  eden space 5632K, 0% used [0x00000000eab00000,0x00000000eab00000,0x00000000eb080000)
  from space 5120K, 91% used [0x00000000eb080000,0x00000000eb5137b0,0x00000000eb580000)
  to   space 6656K, 0% used [0x00000000eb780000,0x00000000eb780000,0x00000000ebe00000)
 ParOldGen       total 322048K, used 318919K [0x00000000c0000000, 0x00000000d3a80000, 0x00000000eab00000)
  object space 322048K, 99% used [0x00000000c0000000,0x00000000d3771dc8,0x00000000d3a80000)
 Metaspace       used 57378K, committed 58496K, reserved 1114112K
  class space    used 6081K, committed 6528K, reserved 1048576K
}
Event: 15.989 GC heap before
{Heap before GC invocations=401 (full 13):
 PSYoungGen      total 10752K, used 10054K [0x00000000eab00000, 0x00000000ebe00000, 0x0000000100000000)
  eden space 5632K, 95% used [0x00000000eab00000,0x00000000eb03e3b0,0x00000000eb080000)
  from space 5120K, 91% used [0x00000000eb080000,0x00000000eb5137b0,0x00000000eb580000)
  to   space 6656K, 0% used [0x00000000eb780000,0x00000000eb780000,0x00000000ebe00000)
 ParOldGen       total 322048K, used 318919K [0x00000000c0000000, 0x00000000d3a80000, 0x00000000eab00000)
  object space 322048K, 99% used [0x00000000c0000000,0x00000000d3771dc8,0x00000000d3a80000)
 Metaspace       used 57378K, committed 58496K, reserved 1114112K
  class space    used 6081K, committed 6528K, reserved 1048576K
}
Event: 15.995 GC heap after
{Heap after GC invocations=401 (full 13):
 PSYoungGen      total 9728K, used 6641K [0x00000000eab00000, 0x00000000ec400000, 0x0000000100000000)
  eden space 3072K, 0% used [0x00000000eab00000,0x00000000eab00000,0x00000000eae00000)
  from space 6656K, 99% used [0x00000000eb780000,0x00000000ebdfc6c0,0x00000000ebe00000)
  to   space 9728K, 0% used [0x00000000eae00000,0x00000000eae00000,0x00000000eb780000)
 ParOldGen       total 322048K, used 321005K [0x00000000c0000000, 0x00000000d3a80000, 0x00000000eab00000)
  object space 322048K, 99% used [0x00000000c0000000,0x00000000d397b7a0,0x00000000d3a80000)
 Metaspace       used 57378K, committed 58496K, reserved 1114112K
  class space    used 6081K, committed 6528K, reserved 1048576K
}
Event: 16.068 GC heap before
{Heap before GC invocations=402 (full 14):
 PSYoungGen      total 9728K, used 9713K [0x00000000eab00000, 0x00000000ec400000, 0x0000000100000000)
  eden space 3072K, 100% used [0x00000000eab00000,0x00000000eae00000,0x00000000eae00000)
  from space 6656K, 99% used [0x00000000eb780000,0x00000000ebdfc6c0,0x00000000ebe00000)
  to   space 9728K, 0% used [0x00000000eae00000,0x00000000eae00000,0x00000000eb780000)
 ParOldGen       total 322048K, used 321005K [0x00000000c0000000, 0x00000000d3a80000, 0x00000000eab00000)
  object space 322048K, 99% used [0x00000000c0000000,0x00000000d397b7a0,0x00000000d3a80000)
 Metaspace       used 57378K, committed 58496K, reserved 1114112K
  class space    used 6081K, committed 6528K, reserved 1048576K
}
Event: 16.311 GC heap after
{Heap after GC invocations=402 (full 14):
 PSYoungGen      total 9728K, used 4536K [0x00000000eab00000, 0x00000000ec180000, 0x0000000100000000)
  eden space 3072K, 0% used [0x00000000eab00000,0x00000000eab00000,0x00000000eae00000)
  from space 6656K, 68% used [0x00000000eb780000,0x00000000ebbee318,0x00000000ebe00000)
  to   space 9728K, 0% used [0x00000000eae00000,0x00000000eae00000,0x00000000eb780000)
 ParOldGen       total 322048K, used 322012K [0x00000000c0000000, 0x00000000d3a80000, 0x00000000eab00000)
  object space 322048K, 99% used [0x00000000c0000000,0x00000000d3a773a0,0x00000000d3a80000)
 Metaspace       used 57378K, committed 58496K, reserved 1114112K
  class space    used 6081K, committed 6528K, reserved 1048576K
}
Event: 16.374 GC heap before
{Heap before GC invocations=403 (full 15):
 PSYoungGen      total 9728K, used 7608K [0x00000000eab00000, 0x00000000ec180000, 0x0000000100000000)
  eden space 3072K, 99% used [0x00000000eab00000,0x00000000eadfffd8,0x00000000eae00000)
  from space 6656K, 68% used [0x00000000eb780000,0x00000000ebbee318,0x00000000ebe00000)
  to   space 9728K, 0% used [0x00000000eae00000,0x00000000eae00000,0x00000000eb780000)
 ParOldGen       total 322048K, used 322012K [0x00000000c0000000, 0x00000000d3a80000, 0x00000000eab00000)
  object space 322048K, 99% used [0x00000000c0000000,0x00000000d3a773a0,0x00000000d3a80000)
 Metaspace       used 57393K, committed 58496K, reserved 1114112K
  class space    used 6081K, committed 6528K, reserved 1048576K
}
Event: 16.564 GC heap after
{Heap after GC invocations=403 (full 15):
 PSYoungGen      total 9728K, used 6352K [0x00000000eab00000, 0x00000000ec180000, 0x0000000100000000)
  eden space 3072K, 92% used [0x00000000eab00000,0x00000000eadc9d10,0x00000000eae00000)
  from space 6656K, 52% used [0x00000000eb780000,0x00000000ebaea598,0x00000000ebe00000)
  to   space 9728K, 0% used [0x00000000eae00000,0x00000000eae00000,0x00000000eb780000)
 ParOldGen       total 388608K, used 321733K [0x00000000c0000000, 0x00000000d7b80000, 0x00000000eab00000)
  object space 388608K, 82% used [0x00000000c0000000,0x00000000d3a317d0,0x00000000d7b80000)
 Metaspace       used 57393K, committed 58496K, reserved 1114112K
  class space    used 6081K, committed 6528K, reserved 1048576K
}
Event: 16.568 GC heap before
{Heap before GC invocations=404 (full 15):
 PSYoungGen      total 9728K, used 6569K [0x00000000eab00000, 0x00000000ec180000, 0x0000000100000000)
  eden space 3072K, 100% used [0x00000000eab00000,0x00000000eae00000,0x00000000eae00000)
  from space 6656K, 52% used [0x00000000eb780000,0x00000000ebaea598,0x00000000ebe00000)
  to   space 9728K, 0% used [0x00000000eae00000,0x00000000eae00000,0x00000000eb780000)
 ParOldGen       total 388608K, used 321733K [0x00000000c0000000, 0x00000000d7b80000, 0x00000000eab00000)
  object space 388608K, 82% used [0x00000000c0000000,0x00000000d3a317d0,0x00000000d7b80000)
 Metaspace       used 57393K, committed 58496K, reserved 1114112K
  class space    used 6081K, committed 6528K, reserved 1048576K
}
Event: 16.580 GC heap after
{Heap after GC invocations=404 (full 15):
 PSYoungGen      total 7680K, used 4498K [0x00000000eab00000, 0x00000000eba80000, 0x0000000100000000)
  eden space 3072K, 0% used [0x00000000eab00000,0x00000000eab00000,0x00000000eae00000)
  from space 4608K, 97% used [0x00000000eae00000,0x00000000eb264b70,0x00000000eb280000)
  to   space 6144K, 0% used [0x00000000eb480000,0x00000000eb480000,0x00000000eba80000)
 ParOldGen       total 388608K, used 324078K [0x00000000c0000000, 0x00000000d7b80000, 0x00000000eab00000)
  object space 388608K, 83% used [0x00000000c0000000,0x00000000d3c7b8e0,0x00000000d7b80000)
 Metaspace       used 57393K, committed 58496K, reserved 1114112K
  class space    used 6081K, committed 6528K, reserved 1048576K
}
Event: 16.651 GC heap before
{Heap before GC invocations=405 (full 15):
 PSYoungGen      total 7680K, used 7570K [0x00000000eab00000, 0x00000000eba80000, 0x0000000100000000)
  eden space 3072K, 100% used [0x00000000eab00000,0x00000000eae00000,0x00000000eae00000)
  from space 4608K, 97% used [0x00000000eae00000,0x00000000eb264b70,0x00000000eb280000)
  to   space 6144K, 0% used [0x00000000eb480000,0x00000000eb480000,0x00000000eba80000)
 ParOldGen       total 388608K, used 324078K [0x00000000c0000000, 0x00000000d7b80000, 0x00000000eab00000)
  object space 388608K, 83% used [0x00000000c0000000,0x00000000d3c7b8e0,0x00000000d7b80000)
 Metaspace       used 57398K, committed 58496K, reserved 1114112K
  class space    used 6081K, committed 6528K, reserved 1048576K
}
Event: 16.655 GC heap after
{Heap after GC invocations=405 (full 15):
 PSYoungGen      total 9216K, used 5982K [0x00000000eab00000, 0x00000000ebb80000, 0x0000000100000000)
  eden space 3072K, 0% used [0x00000000eab00000,0x00000000eab00000,0x00000000eae00000)
  from space 6144K, 97% used [0x00000000eb480000,0x00000000eba57ba0,0x00000000eba80000)
  to   space 6656K, 0% used [0x00000000eae00000,0x00000000eae00000,0x00000000eb480000)
 ParOldGen       total 388608K, used 324078K [0x00000000c0000000, 0x00000000d7b80000, 0x00000000eab00000)
  object space 388608K, 83% used [0x00000000c0000000,0x00000000d3c7b8e0,0x00000000d7b80000)
 Metaspace       used 57398K, committed 58496K, reserved 1114112K
  class space    used 6081K, committed 6528K, reserved 1048576K
}
Event: 16.694 GC heap before
{Heap before GC invocations=406 (full 15):
 PSYoungGen      total 9216K, used 9054K [0x00000000eab00000, 0x00000000ebb80000, 0x0000000100000000)
  eden space 3072K, 100% used [0x00000000eab00000,0x00000000eae00000,0x00000000eae00000)
  from space 6144K, 97% used [0x00000000eb480000,0x00000000eba57ba0,0x00000000eba80000)
  to   space 6656K, 0% used [0x00000000eae00000,0x00000000eae00000,0x00000000eb480000)
 ParOldGen       total 388608K, used 324078K [0x00000000c0000000, 0x00000000d7b80000, 0x00000000eab00000)
  object space 388608K, 83% used [0x00000000c0000000,0x00000000d3c7b8e0,0x00000000d7b80000)
 Metaspace       used 57398K, committed 58496K, reserved 1114112K
  class space    used 6081K, committed 6528K, reserved 1048576K
}
Event: 16.698 GC heap after
{Heap after GC invocations=406 (full 15):
 PSYoungGen      total 9728K, used 6654K [0x00000000eab00000, 0x00000000ebd80000, 0x0000000100000000)
  eden space 3072K, 0% used [0x00000000eab00000,0x00000000eab00000,0x00000000eae00000)
  from space 6656K, 99% used [0x00000000eae00000,0x00000000eb47fba0,0x00000000eb480000)
  to   space 7680K, 0% used [0x00000000eb600000,0x00000000eb600000,0x00000000ebd80000)
 ParOldGen       total 388608K, used 324483K [0x00000000c0000000, 0x00000000d7b80000, 0x00000000eab00000)
  object space 388608K, 83% used [0x00000000c0000000,0x00000000d3ce0e30,0x00000000d7b80000)
 Metaspace       used 57398K, committed 58496K, reserved 1114112K
  class space    used 6081K, committed 6528K, reserved 1048576K
}
Event: 16.778 GC heap before
{Heap before GC invocations=407 (full 15):
 PSYoungGen      total 9728K, used 9726K [0x00000000eab00000, 0x00000000ebd80000, 0x0000000100000000)
  eden space 3072K, 100% used [0x00000000eab00000,0x00000000eae00000,0x00000000eae00000)
  from space 6656K, 99% used [0x00000000eae00000,0x00000000eb47fba0,0x00000000eb480000)
  to   space 7680K, 0% used [0x00000000eb600000,0x00000000eb600000,0x00000000ebd80000)
 ParOldGen       total 388608K, used 324483K [0x00000000c0000000, 0x00000000d7b80000, 0x00000000eab00000)
  object space 388608K, 83% used [0x00000000c0000000,0x00000000d3ce0e30,0x00000000d7b80000)
 Metaspace       used 57398K, committed 58496K, reserved 1114112K
  class space    used 6081K, committed 6528K, reserved 1048576K
}
Event: 16.784 GC heap after
{Heap after GC invocations=407 (full 15):
 PSYoungGen      total 8192K, used 4224K [0x00000000eab00000, 0x00000000eba80000, 0x0000000100000000)
  eden space 3584K, 0% used [0x00000000eab00000,0x00000000eab00000,0x00000000eae80000)
  from space 4608K, 91% used [0x00000000eb600000,0x00000000eba20000,0x00000000eba80000)
  to   space 5632K, 0% used [0x00000000eaf80000,0x00000000eaf80000,0x00000000eb500000)
 ParOldGen       total 388608K, used 327984K [0x00000000c0000000, 0x00000000d7b80000, 0x00000000eab00000)
  object space 388608K, 84% used [0x00000000c0000000,0x00000000d404c3a0,0x00000000d7b80000)
 Metaspace       used 57398K, committed 58496K, reserved 1114112K
  class space    used 6081K, committed 6528K, reserved 1048576K
}
Event: 16.948 GC heap before
{Heap before GC invocations=408 (full 15):
 PSYoungGen      total 8192K, used 7808K [0x00000000eab00000, 0x00000000eba80000, 0x0000000100000000)
  eden space 3584K, 100% used [0x00000000eab00000,0x00000000eae80000,0x00000000eae80000)
  from space 4608K, 91% used [0x00000000eb600000,0x00000000eba20000,0x00000000eba80000)
  to   space 5632K, 0% used [0x00000000eaf80000,0x00000000eaf80000,0x00000000eb500000)
 ParOldGen       total 388608K, used 327984K [0x00000000c0000000, 0x00000000d7b80000, 0x00000000eab00000)
  object space 388608K, 84% used [0x00000000c0000000,0x00000000d404c3a0,0x00000000d7b80000)
 Metaspace       used 57398K, committed 58496K, reserved 1114112K
  class space    used 6081K, committed 6528K, reserved 1048576K
}
Event: 16.952 GC heap after
{Heap after GC invocations=408 (full 15):
 PSYoungGen      total 9728K, used 5440K [0x00000000eab00000, 0x00000000ebb00000, 0x0000000100000000)
  eden space 4096K, 0% used [0x00000000eab00000,0x00000000eab00000,0x00000000eaf00000)
  from space 5632K, 96% used [0x00000000eaf80000,0x00000000eb4d0000,0x00000000eb500000)
  to   space 6144K, 0% used [0x00000000eb500000,0x00000000eb500000,0x00000000ebb00000)
 ParOldGen       total 388608K, used 327984K [0x00000000c0000000, 0x00000000d7b80000, 0x00000000eab00000)
  object space 388608K, 84% used [0x00000000c0000000,0x00000000d404c3a0,0x00000000d7b80000)
 Metaspace       used 57398K, committed 58496K, reserved 1114112K
  class space    used 6081K, committed 6528K, reserved 1048576K
}

Dll operation events (10 events):
Event: 0.024 Loaded shared library c:\Users\sunik\.vscode\extensions\redhat.java-1.37.0-win32-x64\jre\17.0.13-win32-x86_64\bin\java.dll
Event: 0.141 Loaded shared library c:\Users\sunik\.vscode\extensions\redhat.java-1.37.0-win32-x64\jre\17.0.13-win32-x86_64\bin\zip.dll
Event: 0.145 Loaded shared library C:\Users\sunik\.vscode\extensions\redhat.java-1.37.0-win32-x64\jre\17.0.13-win32-x86_64\bin\instrument.dll
Event: 0.155 Loaded shared library C:\Users\sunik\.vscode\extensions\redhat.java-1.37.0-win32-x64\jre\17.0.13-win32-x86_64\bin\net.dll
Event: 0.158 Loaded shared library C:\Users\sunik\.vscode\extensions\redhat.java-1.37.0-win32-x64\jre\17.0.13-win32-x86_64\bin\nio.dll
Event: 0.163 Loaded shared library C:\Users\sunik\.vscode\extensions\redhat.java-1.37.0-win32-x64\jre\17.0.13-win32-x86_64\bin\zip.dll
Event: 0.178 Loaded shared library C:\Users\sunik\.vscode\extensions\redhat.java-1.37.0-win32-x64\jre\17.0.13-win32-x86_64\bin\jimage.dll
Event: 0.248 Loaded shared library c:\Users\sunik\.vscode\extensions\redhat.java-1.37.0-win32-x64\jre\17.0.13-win32-x86_64\bin\verify.dll
Event: 1.280 Loaded shared library C:\Users\sunik\AppData\Roaming\Code\User\globalStorage\redhat.java\1.37.0\config_win\org.eclipse.equinox.launcher\org.eclipse.equinox.launcher.win32.win32.x86_64_1.2.1100.v20240722-2106\eclipse_11904.dll
Event: 2.908 Loaded shared library C:\Users\sunik\AppData\Local\Temp\jna-109799534\jna17880369707745127673.dll

Deoptimization events (20 events):
Event: 16.852 Thread 0x000001e8e78e8b10 DEOPT PACKING pc=0x000001e8cedddc26 sp=0x00000046f2cfec60
Event: 16.852 Thread 0x000001e8e78e8b10 DEOPT UNPACKING pc=0x000001e8d58e6e43 sp=0x00000046f2cfe160 mode 0
Event: 16.917 Thread 0x000001e8e78e8b10 DEOPT PACKING pc=0x000001e8cedddc26 sp=0x00000046f2cfec60
Event: 16.917 Thread 0x000001e8e78e8b10 DEOPT UNPACKING pc=0x000001e8d58e6e43 sp=0x00000046f2cfe160 mode 0
Event: 16.918 Thread 0x000001e8e78e8b10 Uncommon trap: trap_request=0xffffff45 fr.pc=0x000001e8d6227204 relative=0x0000000000000b84
Event: 16.918 Thread 0x000001e8e78e8b10 Uncommon trap: reason=unstable_if action=reinterpret pc=0x000001e8d6227204 method=org.eclipse.jdt.internal.core.index.DiskIndex.writeStreamChars(Ljava/io/FileOutputStream;[CII)V @ 24 c2
Event: 16.918 Thread 0x000001e8e78e8b10 DEOPT PACKING pc=0x000001e8d6227204 sp=0x00000046f2cfec90
Event: 16.918 Thread 0x000001e8e78e8b10 DEOPT UNPACKING pc=0x000001e8d58e66a3 sp=0x00000046f2cfeb38 mode 2
Event: 16.926 Thread 0x000001e8e78e8b10 Uncommon trap: trap_request=0xffffff45 fr.pc=0x000001e8d623700c relative=0x0000000000000b6c
Event: 16.926 Thread 0x000001e8e78e8b10 Uncommon trap: reason=unstable_if action=reinterpret pc=0x000001e8d623700c method=org.eclipse.jdt.internal.core.index.DiskIndex.writeStreamChars(Ljava/io/FileOutputStream;[C)V @ 100 c2
Event: 16.926 Thread 0x000001e8e78e8b10 DEOPT PACKING pc=0x000001e8d623700c sp=0x00000046f2cfeca0
Event: 16.926 Thread 0x000001e8e78e8b10 DEOPT UNPACKING pc=0x000001e8d58e66a3 sp=0x00000046f2cfebd0 mode 2
Event: 16.937 Thread 0x000001e8e78e8b10 Uncommon trap: trap_request=0xffffff45 fr.pc=0x000001e8d62387e8 relative=0x0000000000000728
Event: 16.937 Thread 0x000001e8e78e8b10 Uncommon trap: reason=unstable_if action=reinterpret pc=0x000001e8d62387e8 method=org.eclipse.jdt.internal.core.index.DiskIndex.writeStreamChars(Ljava/io/FileOutputStream;[C)V @ 100 c2
Event: 16.937 Thread 0x000001e8e78e8b10 DEOPT PACKING pc=0x000001e8d62387e8 sp=0x00000046f2cfec40
Event: 16.937 Thread 0x000001e8e78e8b10 DEOPT UNPACKING pc=0x000001e8d58e66a3 sp=0x00000046f2cfebc8 mode 2
Event: 17.163 Thread 0x000001e8e78e8b10 Uncommon trap: trap_request=0xffffff45 fr.pc=0x000001e8d6235060 relative=0x0000000000001060
Event: 17.163 Thread 0x000001e8e78e8b10 Uncommon trap: reason=unstable_if action=reinterpret pc=0x000001e8d6235060 method=org.eclipse.jdt.internal.core.index.DiskIndex.writeStreamChars(Ljava/io/FileOutputStream;[C)V @ 100 c2
Event: 17.163 Thread 0x000001e8e78e8b10 DEOPT PACKING pc=0x000001e8d6235060 sp=0x00000046f2cfeca0
Event: 17.163 Thread 0x000001e8e78e8b10 DEOPT UNPACKING pc=0x000001e8d58e66a3 sp=0x00000046f2cfebd0 mode 2

Classes loaded (20 events):
Event: 7.950 Loading class sun/security/provider/ByteArrayAccess$LE
Event: 7.951 Loading class sun/security/provider/ByteArrayAccess$LE done
Event: 7.958 Loading class java/util/stream/MatchOps$MatchKind
Event: 7.958 Loading class java/util/stream/MatchOps$MatchKind done
Event: 7.959 Loading class java/util/stream/MatchOps
Event: 7.959 Loading class java/util/stream/MatchOps done
Event: 7.959 Loading class java/util/stream/MatchOps$MatchOp
Event: 7.959 Loading class java/util/stream/MatchOps$MatchOp done
Event: 7.960 Loading class java/util/stream/MatchOps$BooleanTerminalSink
Event: 7.960 Loading class java/util/stream/MatchOps$BooleanTerminalSink done
Event: 7.961 Loading class java/util/stream/MatchOps$1MatchSink
Event: 7.961 Loading class java/util/stream/MatchOps$1MatchSink done
Event: 8.840 Loading class java/util/concurrent/CompletableFuture$AltResult
Event: 8.840 Loading class java/util/concurrent/CompletableFuture$AltResult done
Event: 8.840 Loading class java/util/concurrent/CompletableFuture$Completion
Event: 8.841 Loading class java/util/concurrent/CompletableFuture$AsynchronousCompletionTask
Event: 8.841 Loading class java/util/concurrent/CompletableFuture$AsynchronousCompletionTask done
Event: 8.841 Loading class java/util/concurrent/CompletableFuture$Completion done
Event: 8.912 Loading class sun/nio/ch/WindowsAsynchronousFileChannelImpl$WriteTask
Event: 8.914 Loading class sun/nio/ch/WindowsAsynchronousFileChannelImpl$WriteTask done

Classes unloaded (15 events):
Event: 3.900 Thread 0x000001e8df627850 Unloading class 0x0000000100250000 'java/lang/invoke/LambdaForm$MH+0x0000000100250000'
Event: 3.900 Thread 0x000001e8df627850 Unloading class 0x000000010024fc00 'java/lang/invoke/LambdaForm$MH+0x000000010024fc00'
Event: 3.900 Thread 0x000001e8df627850 Unloading class 0x000000010024f800 'java/lang/invoke/LambdaForm$MH+0x000000010024f800'
Event: 3.900 Thread 0x000001e8df627850 Unloading class 0x000000010024f400 'java/lang/invoke/LambdaForm$MH+0x000000010024f400'
Event: 3.900 Thread 0x000001e8df627850 Unloading class 0x000000010024f000 'java/lang/invoke/LambdaForm$BMH+0x000000010024f000'
Event: 3.900 Thread 0x000001e8df627850 Unloading class 0x000000010024ec00 'java/lang/invoke/LambdaForm$DMH+0x000000010024ec00'
Event: 3.900 Thread 0x000001e8df627850 Unloading class 0x000000010024c400 'java/lang/invoke/LambdaForm$DMH+0x000000010024c400'
Event: 6.086 Thread 0x000001e8df627850 Unloading class 0x0000000100444400 'java/lang/invoke/LambdaForm$MH+0x0000000100444400'
Event: 6.086 Thread 0x000001e8df627850 Unloading class 0x0000000100443400 'java/lang/invoke/LambdaForm$MH+0x0000000100443400'
Event: 6.086 Thread 0x000001e8df627850 Unloading class 0x0000000100442c00 'java/lang/invoke/LambdaForm$MH+0x0000000100442c00'
Event: 6.086 Thread 0x000001e8df627850 Unloading class 0x000000010043a400 'java/lang/invoke/LambdaForm$MH+0x000000010043a400'
Event: 6.086 Thread 0x000001e8df627850 Unloading class 0x0000000100439800 'java/lang/invoke/LambdaForm$MH+0x0000000100439800'
Event: 6.086 Thread 0x000001e8df627850 Unloading class 0x0000000100438c00 'java/lang/invoke/LambdaForm$MH+0x0000000100438c00'
Event: 6.086 Thread 0x000001e8df627850 Unloading class 0x0000000100438400 'java/lang/invoke/LambdaForm$MH+0x0000000100438400'
Event: 6.086 Thread 0x000001e8df627850 Unloading class 0x0000000100435c00 'java/lang/invoke/LambdaForm$DMH+0x0000000100435c00'

Classes redefined (0 events):
No events

Internal exceptions (20 events):
Event: 17.099 Thread 0x000001e8eaae08a0 Exception <a 'sun/nio/fs/WindowsException'{0x00000000eaca9b48}> (0x00000000eaca9b48) 
thrown [s\src\hotspot\share\prims\jni.cpp, line 516]
Event: 17.107 Thread 0x000001e8eaae08a0 Exception <a 'sun/nio/fs/WindowsException'{0x00000000eacbe638}> (0x00000000eacbe638) 
thrown [s\src\hotspot\share\prims\jni.cpp, line 516]
Event: 17.114 Thread 0x000001e8eaae08a0 Exception <a 'sun/nio/fs/WindowsException'{0x00000000eacd2748}> (0x00000000eacd2748) 
thrown [s\src\hotspot\share\prims\jni.cpp, line 516]
Event: 17.121 Thread 0x000001e8eaae08a0 Exception <a 'sun/nio/fs/WindowsException'{0x00000000eace6528}> (0x00000000eace6528) 
thrown [s\src\hotspot\share\prims\jni.cpp, line 516]
Event: 17.128 Thread 0x000001e8eaae08a0 Exception <a 'sun/nio/fs/WindowsException'{0x00000000eacfa900}> (0x00000000eacfa900) 
thrown [s\src\hotspot\share\prims\jni.cpp, line 516]
Event: 17.133 Thread 0x000001e8eaae08a0 Exception <a 'sun/nio/fs/WindowsException'{0x00000000ead0e358}> (0x00000000ead0e358) 
thrown [s\src\hotspot\share\prims\jni.cpp, line 516]
Event: 17.139 Thread 0x000001e8eaae08a0 Exception <a 'sun/nio/fs/WindowsException'{0x00000000ead21a38}> (0x00000000ead21a38) 
thrown [s\src\hotspot\share\prims\jni.cpp, line 516]
Event: 17.147 Thread 0x000001e8eaae08a0 Exception <a 'sun/nio/fs/WindowsException'{0x00000000ead352d0}> (0x00000000ead352d0) 
thrown [s\src\hotspot\share\prims\jni.cpp, line 516]
Event: 17.153 Thread 0x000001e8eaae08a0 Exception <a 'sun/nio/fs/WindowsException'{0x00000000ead48fb0}> (0x00000000ead48fb0) 
thrown [s\src\hotspot\share\prims\jni.cpp, line 516]
Event: 17.159 Thread 0x000001e8eaae08a0 Exception <a 'sun/nio/fs/WindowsException'{0x00000000ead5c950}> (0x00000000ead5c950) 
thrown [s\src\hotspot\share\prims\jni.cpp, line 516]
Event: 17.164 Thread 0x000001e8eaae08a0 Exception <a 'sun/nio/fs/WindowsException'{0x00000000ead704a8}> (0x00000000ead704a8) 
thrown [s\src\hotspot\share\prims\jni.cpp, line 516]
Event: 17.169 Thread 0x000001e8eaae08a0 Exception <a 'sun/nio/fs/WindowsException'{0x00000000ead84e78}> (0x00000000ead84e78) 
thrown [s\src\hotspot\share\prims\jni.cpp, line 516]
Event: 17.176 Thread 0x000001e8eaae08a0 Exception <a 'sun/nio/fs/WindowsException'{0x00000000ead987f0}> (0x00000000ead987f0) 
thrown [s\src\hotspot\share\prims\jni.cpp, line 516]
Event: 17.181 Thread 0x000001e8eaae08a0 Exception <a 'sun/nio/fs/WindowsException'{0x00000000eadac188}> (0x00000000eadac188) 
thrown [s\src\hotspot\share\prims\jni.cpp, line 516]
Event: 17.189 Thread 0x000001e8eaae08a0 Exception <a 'sun/nio/fs/WindowsException'{0x00000000eadbfb30}> (0x00000000eadbfb30) 
thrown [s\src\hotspot\share\prims\jni.cpp, line 516]
Event: 17.197 Thread 0x000001e8eaae08a0 Exception <a 'sun/nio/fs/WindowsException'{0x00000000eadd3370}> (0x00000000eadd3370) 
thrown [s\src\hotspot\share\prims\jni.cpp, line 516]
Event: 17.205 Thread 0x000001e8eaae08a0 Exception <a 'sun/nio/fs/WindowsException'{0x00000000eade6ec0}> (0x00000000eade6ec0) 
thrown [s\src\hotspot\share\prims\jni.cpp, line 516]
Event: 17.211 Thread 0x000001e8eaae08a0 Exception <a 'sun/nio/fs/WindowsException'{0x00000000eadfa738}> (0x00000000eadfa738) 
thrown [s\src\hotspot\share\prims\jni.cpp, line 516]
Event: 17.219 Thread 0x000001e8eaae08a0 Exception <a 'sun/nio/fs/WindowsException'{0x00000000eae0ee98}> (0x00000000eae0ee98) 
thrown [s\src\hotspot\share\prims\jni.cpp, line 516]
Event: 17.227 Thread 0x000001e8eaae08a0 Exception <a 'sun/nio/fs/WindowsException'{0x00000000eae22620}> (0x00000000eae22620) 
thrown [s\src\hotspot\share\prims\jni.cpp, line 516]

VM Operations (20 events):
Event: 15.624 Executing VM operation: ParallelGCFailedAllocation
Event: 15.785 Executing VM operation: ParallelGCFailedAllocation done
Event: 15.879 Executing VM operation: ParallelGCFailedAllocation
Event: 15.885 Executing VM operation: ParallelGCFailedAllocation done
Event: 15.989 Executing VM operation: ParallelGCFailedAllocation
Event: 15.995 Executing VM operation: ParallelGCFailedAllocation done
Event: 16.068 Executing VM operation: ParallelGCFailedAllocation
Event: 16.311 Executing VM operation: ParallelGCFailedAllocation done
Event: 16.374 Executing VM operation: ParallelGCFailedAllocation
Event: 16.564 Executing VM operation: ParallelGCFailedAllocation done
Event: 16.568 Executing VM operation: ParallelGCFailedAllocation
Event: 16.580 Executing VM operation: ParallelGCFailedAllocation done
Event: 16.651 Executing VM operation: ParallelGCFailedAllocation
Event: 16.655 Executing VM operation: ParallelGCFailedAllocation done
Event: 16.694 Executing VM operation: ParallelGCFailedAllocation
Event: 16.698 Executing VM operation: ParallelGCFailedAllocation done
Event: 16.778 Executing VM operation: ParallelGCFailedAllocation
Event: 16.784 Executing VM operation: ParallelGCFailedAllocation done
Event: 16.948 Executing VM operation: ParallelGCFailedAllocation
Event: 16.952 Executing VM operation: ParallelGCFailedAllocation done

Memory protections (0 events):
No events

Nmethod flushes (20 events):
Event: 13.468 Thread 0x000001e8e45a22e0 flushing  nmethod 0x000001e8cf0a5590
Event: 13.468 Thread 0x000001e8e45a22e0 flushing  nmethod 0x000001e8cf0ab610
Event: 13.468 Thread 0x000001e8e45a22e0 flushing  nmethod 0x000001e8cf0b1410
Event: 13.468 Thread 0x000001e8e45a22e0 flushing  nmethod 0x000001e8cf0c6610
Event: 13.469 Thread 0x000001e8e45a22e0 flushing  nmethod 0x000001e8cf0efe90
Event: 13.469 Thread 0x000001e8e45a22e0 flushing  nmethod 0x000001e8cf0f2310
Event: 13.469 Thread 0x000001e8e45a22e0 flushing  nmethod 0x000001e8cf104390
Event: 13.469 Thread 0x000001e8e45a22e0 flushing  nmethod 0x000001e8cf105390
Event: 13.469 Thread 0x000001e8e45a22e0 flushing  nmethod 0x000001e8cf10af10
Event: 13.470 Thread 0x000001e8e45a22e0 flushing  nmethod 0x000001e8cf11f810
Event: 13.470 Thread 0x000001e8e45a22e0 flushing  nmethod 0x000001e8cf127710
Event: 13.470 Thread 0x000001e8e45a22e0 flushing  nmethod 0x000001e8cf135d90
Event: 13.470 Thread 0x000001e8e45a22e0 flushing  nmethod 0x000001e8cf137410
Event: 13.470 Thread 0x000001e8e45a22e0 flushing  nmethod 0x000001e8cf153990
Event: 13.470 Thread 0x000001e8e45a22e0 flushing  nmethod 0x000001e8cf154710
Event: 13.470 Thread 0x000001e8e45a22e0 flushing  nmethod 0x000001e8cf15fa10
Event: 13.470 Thread 0x000001e8e45a22e0 flushing  nmethod 0x000001e8cf166b10
Event: 13.471 Thread 0x000001e8e45a22e0 flushing  nmethod 0x000001e8cf180710
Event: 13.471 Thread 0x000001e8e45a22e0 flushing  nmethod 0x000001e8cf206a90
Event: 13.471 Thread 0x000001e8e45a22e0 flushing  nmethod 0x000001e8cf225910

Events (20 events):
Event: 5.503 Thread 0x000001e8eaadf460 Thread added: 0x000001e8eaae17d0
Event: 5.504 Thread 0x000001e8eaae0390 Thread added: 0x000001e8eaaddb10
Event: 5.512 Thread 0x000001e8eaadd600 Thread added: 0x000001e8eaade020
Event: 5.513 Thread 0x000001e8eaadf460 Thread added: 0x000001e8eaadf970
Event: 5.514 Thread 0x000001e8eaade020 Thread added: 0x000001e8eaae0db0
Event: 5.516 Thread 0x000001e8eaadf970 Thread added: 0x000001e8eaada360
Event: 5.516 Thread 0x000001e8eaadf970 Thread added: 0x000001e8eaade530
Event: 8.334 Thread 0x000001e8e458c810 Thread exited: 0x000001e8e458c810
Event: 8.615 Thread 0x000001e8eaadd600 Thread added: 0x000001e8eaadb7a0
Event: 8.621 Thread 0x000001e8eaadd600 Thread added: 0x000001e8eaadc6d0
Event: 8.623 Thread 0x000001e8eaade020 Thread added: 0x000001e8eaadcbe0
Event: 8.628 Thread 0x000001e8eaadf460 Thread added: 0x000001e8e78e9530
Event: 8.629 Thread 0x000001e8eaae0390 Thread added: 0x000001e8e78e9a40
Event: 9.436 Thread 0x000001e8e4753cc0 Thread exited: 0x000001e8e4753cc0
Event: 9.549 Thread 0x000001e8e4751ce0 Thread exited: 0x000001e8e4751ce0
Event: 9.549 Thread 0x000001e8e4755200 Thread exited: 0x000001e8e4755200
Event: 9.694 Thread 0x000001e8e4753220 Thread exited: 0x000001e8e4753220
Event: 11.024 Thread 0x000001e8e4754210 Thread exited: 0x000001e8e4754210
Event: 11.034 Thread 0x000001e8e4752780 Thread exited: 0x000001e8e4752780
Event: 11.054 Thread 0x000001e8e4754760 Thread exited: 0x000001e8e4754760


Dynamic libraries:
0x00007ff71d150000 - 0x00007ff71d15e000 	c:\Users\sunik\.vscode\extensions\redhat.java-1.37.0-win32-x64\jre\17.0.13-win32-x86_64\bin\java.exe
0x00007ff8d91f0000 - 0x00007ff8d9407000 	C:\windows\SYSTEM32\ntdll.dll
0x00007ff8d8a70000 - 0x00007ff8d8b34000 	C:\windows\System32\KERNEL32.DLL
0x00007ff8d66d0000 - 0x00007ff8d6a87000 	C:\windows\System32\KERNELBASE.dll
0x0000000052560000 - 0x0000000052892000 	C:\Program Files\Norton Security\NortonData\22.23.4.6\Definitions\IPSDefs\20240701.064\IPSEng64.dll
0x00007ff8d81d0000 - 0x00007ff8d8282000 	C:\windows\System32\ADVAPI32.dll
0x00007ff8d8cc0000 - 0x00007ff8d8d67000 	C:\windows\System32\msvcrt.dll
0x00007ff8d8c10000 - 0x00007ff8d8cb8000 	C:\windows\System32\sechost.dll
0x00007ff8d6b00000 - 0x00007ff8d6b28000 	C:\windows\System32\bcrypt.dll
0x00007ff8d9090000 - 0x00007ff8d91a4000 	C:\windows\System32\RPCRT4.dll
0x00007ff8d81c0000 - 0x00007ff8d81c8000 	C:\windows\System32\PSAPI.DLL
0x00007ff8d6580000 - 0x00007ff8d6691000 	C:\windows\System32\ucrtbase.dll
0x00007ff8ccbb0000 - 0x00007ff8ccbce000 	c:\Users\sunik\.vscode\extensions\redhat.java-1.37.0-win32-x64\jre\17.0.13-win32-x86_64\bin\VCRUNTIME140.dll
0x00007ff8ce130000 - 0x00007ff8ce147000 	c:\Users\sunik\.vscode\extensions\redhat.java-1.37.0-win32-x64\jre\17.0.13-win32-x86_64\bin\jli.dll
0x00007ff8d8440000 - 0x00007ff8d85ef000 	C:\windows\System32\USER32.dll
0x00007ff8d66a0000 - 0x00007ff8d66c6000 	C:\windows\System32\win32u.dll
0x00007ff8af240000 - 0x00007ff8af4d3000 	C:\windows\WinSxS\amd64_microsoft.windows.common-controls_6595b64144ccf1df_6.0.22621.3672_none_2713b9d173822955\COMCTL32.dll
0x00007ff8d8fe0000 - 0x00007ff8d9009000 	C:\windows\System32\GDI32.dll
0x00007ff8d6d60000 - 0x00007ff8d6e78000 	C:\windows\System32\gdi32full.dll
0x00007ff8d6e80000 - 0x00007ff8d6f1a000 	C:\windows\System32\msvcp_win.dll
0x00007ff8d82f0000 - 0x00007ff8d8321000 	C:\windows\System32\IMM32.DLL
0x00007ff8cfd10000 - 0x00007ff8cfd1c000 	c:\Users\sunik\.vscode\extensions\redhat.java-1.37.0-win32-x64\jre\17.0.13-win32-x86_64\bin\vcruntime140_1.dll
0x00007ff8a5800000 - 0x00007ff8a588d000 	c:\Users\sunik\.vscode\extensions\redhat.java-1.37.0-win32-x64\jre\17.0.13-win32-x86_64\bin\msvcp140.dll
0x00007ff840e10000 - 0x00007ff841a7b000 	c:\Users\sunik\.vscode\extensions\redhat.java-1.37.0-win32-x64\jre\17.0.13-win32-x86_64\bin\server\jvm.dll
0x00007ff8d8b40000 - 0x00007ff8d8bb1000 	C:\windows\System32\WS2_32.dll
0x00007ff8d5dd0000 - 0x00007ff8d5e1d000 	C:\windows\SYSTEM32\POWRPROF.dll
0x00007ff8c7430000 - 0x00007ff8c743a000 	C:\windows\SYSTEM32\VERSION.dll
0x00007ff8ccbd0000 - 0x00007ff8ccc04000 	C:\windows\SYSTEM32\WINMM.dll
0x00007ff8d5db0000 - 0x00007ff8d5dc3000 	C:\windows\SYSTEM32\UMPDC.dll
0x00007ff8d5510000 - 0x00007ff8d5528000 	C:\windows\SYSTEM32\kernel.appcore.dll
0x00007ff8cfcd0000 - 0x00007ff8cfcda000 	c:\Users\sunik\.vscode\extensions\redhat.java-1.37.0-win32-x64\jre\17.0.13-win32-x86_64\bin\jimage.dll
0x00007ff8d4100000 - 0x00007ff8d4332000 	C:\windows\SYSTEM32\DBGHELP.DLL
0x00007ff8d6f40000 - 0x00007ff8d72ce000 	C:\windows\System32\combase.dll
0x00007ff8d72d0000 - 0x00007ff8d73a7000 	C:\windows\System32\OLEAUT32.dll
0x00007ff8b3920000 - 0x00007ff8b3952000 	C:\windows\SYSTEM32\dbgcore.DLL
0x00007ff8d6500000 - 0x00007ff8d657b000 	C:\windows\System32\bcryptPrimitives.dll
0x00007ff8cedc0000 - 0x00007ff8cedce000 	c:\Users\sunik\.vscode\extensions\redhat.java-1.37.0-win32-x64\jre\17.0.13-win32-x86_64\bin\instrument.dll
0x00007ff8b5330000 - 0x00007ff8b5355000 	c:\Users\sunik\.vscode\extensions\redhat.java-1.37.0-win32-x64\jre\17.0.13-win32-x86_64\bin\java.dll
0x00007ff8cca00000 - 0x00007ff8cca18000 	c:\Users\sunik\.vscode\extensions\redhat.java-1.37.0-win32-x64\jre\17.0.13-win32-x86_64\bin\zip.dll
0x00007ff8d7950000 - 0x00007ff8d81b9000 	C:\windows\System32\SHELL32.dll
0x00007ff8d4340000 - 0x00007ff8d4c3f000 	C:\windows\SYSTEM32\windows.storage.dll
0x00007ff8d3f10000 - 0x00007ff8d404f000 	C:\windows\SYSTEM32\wintypes.dll
0x00007ff8d87a0000 - 0x00007ff8d8899000 	C:\windows\System32\SHCORE.dll
0x00007ff8d8f80000 - 0x00007ff8d8fde000 	C:\windows\System32\shlwapi.dll
0x00007ff8d6430000 - 0x00007ff8d6457000 	C:\windows\SYSTEM32\profapi.dll
0x00007ff8c6080000 - 0x00007ff8c6099000 	C:\Users\sunik\.vscode\extensions\redhat.java-1.37.0-win32-x64\jre\17.0.13-win32-x86_64\bin\net.dll
0x00007ff8d02f0000 - 0x00007ff8d0426000 	C:\windows\SYSTEM32\WINHTTP.dll
0x00007ff8d5980000 - 0x00007ff8d59e9000 	C:\windows\system32\mswsock.dll
0x00007ff8c5950000 - 0x00007ff8c5966000 	C:\Users\sunik\.vscode\extensions\redhat.java-1.37.0-win32-x64\jre\17.0.13-win32-x86_64\bin\nio.dll
0x00007ff8cd3c0000 - 0x00007ff8cd3d0000 	c:\Users\sunik\.vscode\extensions\redhat.java-1.37.0-win32-x64\jre\17.0.13-win32-x86_64\bin\verify.dll
0x00007ff8ad880000 - 0x00007ff8ad8c5000 	C:\Users\sunik\AppData\Roaming\Code\User\globalStorage\redhat.java\1.37.0\config_win\org.eclipse.equinox.launcher\org.eclipse.equinox.launcher.win32.win32.x86_64_1.2.1100.v20240722-2106\eclipse_11904.dll
0x00007ff8d85f0000 - 0x00007ff8d8795000 	C:\windows\System32\ole32.dll
0x00007ff8d5ba0000 - 0x00007ff8d5bbb000 	C:\windows\SYSTEM32\CRYPTSP.dll
0x00007ff8d5470000 - 0x00007ff8d54a5000 	C:\windows\system32\rsaenh.dll
0x00007ff8d5a40000 - 0x00007ff8d5a68000 	C:\windows\SYSTEM32\USERENV.dll
0x00007ff8d5bc0000 - 0x00007ff8d5bcc000 	C:\windows\SYSTEM32\CRYPTBASE.dll
0x00007ff8d4f80000 - 0x00007ff8d4fad000 	C:\windows\SYSTEM32\IPHLPAPI.DLL
0x00007ff8d8330000 - 0x00007ff8d8339000 	C:\windows\System32\NSI.dll
0x00007ff8d0210000 - 0x00007ff8d0229000 	C:\windows\SYSTEM32\dhcpcsvc6.DLL
0x00007ff8d01f0000 - 0x00007ff8d020f000 	C:\windows\SYSTEM32\dhcpcsvc.DLL
0x00007ff8d4ff0000 - 0x00007ff8d50f2000 	C:\windows\SYSTEM32\DNSAPI.dll
0x00007ff88e7c0000 - 0x00007ff88e809000 	C:\Users\sunik\AppData\Local\Temp\jna-109799534\jna17880369707745127673.dll

dbghelp: loaded successfully - version: 4.0.5 - missing functions: none
symbol engine: initialized successfully - sym options: 0x614 - pdb path: .;c:\Users\sunik\.vscode\extensions\redhat.java-1.37.0-win32-x64\jre\17.0.13-win32-x86_64\bin;C:\windows\SYSTEM32;C:\Program Files\Norton Security\NortonData\22.23.4.6\Definitions\IPSDefs\20240701.064;C:\windows\WinSxS\amd64_microsoft.windows.common-controls_6595b64144ccf1df_6.0.22621.3672_none_2713b9d173822955;c:\Users\sunik\.vscode\extensions\redhat.java-1.37.0-win32-x64\jre\17.0.13-win32-x86_64\bin\server;C:\Users\sunik\AppData\Roaming\Code\User\globalStorage\redhat.java\1.37.0\config_win\org.eclipse.equinox.launcher\org.eclipse.equinox.launcher.win32.win32.x86_64_1.2.1100.v20240722-2106;C:\Users\sunik\AppData\Local\Temp\jna-109799534

VM Arguments:
jvm_args: --add-modules=ALL-SYSTEM --add-opens=java.base/java.util=ALL-UNNAMED --add-opens=java.base/java.lang=ALL-UNNAMED --add-opens=java.base/sun.nio.fs=ALL-UNNAMED -Declipse.application=org.eclipse.jdt.ls.core.id1 -Dosgi.bundles.defaultStartLevel=4 -Declipse.product=org.eclipse.jdt.ls.core.product -Djava.import.generatesMetadataFilesAtProjectRoot=false -DDetectVMInstallationsJob.disabled=true -Dfile.encoding=utf8 -XX:+UseParallelGC -XX:GCTimeRatio=4 -XX:AdaptiveSizePolicyWeight=90 -Dsun.zip.disableMemoryMapping=true -Xmx1G -Xms100m -Xlog:disable -javaagent:c:\Users\sunik\.vscode\extensions\redhat.java-1.37.0-win32-x64\lombok\lombok-1.18.34.jar -XX:+HeapDumpOnOutOfMemoryError -XX:HeapDumpPath=c:\Users\sunik\AppData\Roaming\Code\User\workspaceStorage\5297cd4a9fa6e3eb48852d75dc28def7\redhat.java -Daether.dependencyCollector.impl=bf 
java_command: c:\Users\sunik\.vscode\extensions\redhat.java-1.37.0-win32-x64\server\plugins\org.eclipse.equinox.launcher_1.6.900.v20240613-2009.jar -configuration c:\Users\sunik\AppData\Roaming\Code\User\globalStorage\redhat.java\1.37.0\config_win -data c:\Users\sunik\AppData\Roaming\Code\User\workspaceStorage\5297cd4a9fa6e3eb48852d75dc28def7\redhat.java\jdt_ws --pipe=\\.\pipe\lsp-65ea0048cea77f54fca045e4d2902f0e-sock
java_class_path (initial): c:\Users\sunik\.vscode\extensions\redhat.java-1.37.0-win32-x64\server\plugins\org.eclipse.equinox.launcher_1.6.900.v20240613-2009.jar
Launcher Type: SUN_STANDARD

[Global flags]
    uintx AdaptiveSizePolicyWeight                 = 90                                        {product} {command line}
     intx CICompilerCount                          = 12                                        {product} {ergonomic}
    uintx GCTimeRatio                              = 4                                         {product} {command line}
     bool HeapDumpOnOutOfMemoryError               = true                                   {manageable} {command line}
    ccstr HeapDumpPath                             = c:\Users\sunik\AppData\Roaming\Code\User\workspaceStorage\5297cd4a9fa6e3eb48852d75dc28def7\redhat.java         {manageable} {command line}
   size_t InitialHeapSize                          = 104857600                                 {product} {command line}
   size_t MaxHeapSize                              = 1073741824                                {product} {command line}
   size_t MaxNewSize                               = 357564416                                 {product} {ergonomic}
   size_t MinHeapDeltaBytes                        = 524288                                    {product} {ergonomic}
   size_t MinHeapSize                              = 104857600                                 {product} {command line}
   size_t NewSize                                  = 34603008                                  {product} {ergonomic}
    uintx NonNMethodCodeHeapSize                   = 7602480                                {pd product} {ergonomic}
    uintx NonProfiledCodeHeapSize                  = 122027880                              {pd product} {ergonomic}
   size_t OldSize                                  = 70254592                                  {product} {ergonomic}
    uintx ProfiledCodeHeapSize                     = 122027880                              {pd product} {ergonomic}
    uintx ReservedCodeCacheSize                    = 251658240                              {pd product} {ergonomic}
     bool SegmentedCodeCache                       = true                                      {product} {ergonomic}
   size_t SoftMaxHeapSize                          = 1073741824                             {manageable} {ergonomic}
     bool UseCompressedClassPointers               = true                           {product lp64_product} {ergonomic}
     bool UseCompressedOops                        = true                           {product lp64_product} {ergonomic}
     bool UseLargePagesIndividualAllocation        = false                                  {pd product} {ergonomic}
     bool UseParallelGC                            = true                                      {product} {command line}

Logging:
Log output configuration:
 #0: stdout all=off uptime,level,tags
 #1: stderr all=off uptime,level,tags

Environment Variables:
JAVA_HOME=C:\Program Files (x86)\Java\jre-1.8
PATH=C:\Program Files\Common Files\Oracle\Java\javapath;C:\Python312\Scripts;C:\Python312\;C:\Python311\Scripts\;C:\Python311\;C:\windows\system32;C:\windows;C:\windows\System32\Wbem;C:\windows\System32\WindowsPowerShell\v1.0\;C:\windows\System32\OpenSSH\;C:\ProgramData\chocolatey\bin;D:\java\bin;C:\Program Files\Git LFS;C:\MinGW\bin;C:\Program Files\HP\HP One Agent;D:\Program Files\Git\cmd;D:\xampp\php;D:\composer;C:\Program Files\Salesforce CLI\bin;C:\Users\sunik\AppData\Local\Microsoft\WindowsApps;A:\Microsoft VS Code\bin;D:\Program Files\Microsoft VS Code\bin;C:\Users\sunik\AppData\Local\Pub\Cache\bin;D:\Java\jdk-22\bin;C:\Users\sunik\Downloads\flutter_windows_3.19.6-stable\flutter\bin;C:\Users\sunik\AppData\Local\Microsoft\WinGet\Links;C:\Users\sunik\AppData\Roaming\Composer\vendor\bin;C:\Program Files (x86)\sf\bin
USERNAME=sunik
OS=Windows_NT
PROCESSOR_IDENTIFIER=Intel64 Family 6 Model 154 Stepping 3, GenuineIntel
TMP=C:\Users\sunik\AppData\Local\Temp
TEMP=C:\Users\sunik\AppData\Local\Temp



Periodic native trim disabled


---------------  S Y S T E M  ---------------

OS:
 Windows 11 , 64 bit Build 22621 (10.0.22621.3958)
OS uptime: 54 days 12:58 hours
Hyper-V role detected

CPU: total 16 (initial active 16) (8 cores per cpu, 2 threads per core) family 6 model 154 stepping 3 microcode 0x42c, cx8, cmov, fxsr, ht, mmx, 3dnowpref, sse, sse2, sse3, ssse3, sse4.1, sse4.2, popcnt, lzcnt, tsc, tscinvbit, avx, avx2, aes, erms, clmul, bmi1, bmi2, adx, sha, fma, vzeroupper, clflush, clflushopt, clwb, hv
Processor Information for processor 0
  Max Mhz: 1700, Current Mhz: 1700, Mhz Limit: 1700
Processor Information for processor 1
  Max Mhz: 1700, Current Mhz: 1700, Mhz Limit: 1700
Processor Information for processor 2
  Max Mhz: 1700, Current Mhz: 1700, Mhz Limit: 1700
Processor Information for processor 3
  Max Mhz: 1700, Current Mhz: 1700, Mhz Limit: 1700
Processor Information for processor 4
  Max Mhz: 1700, Current Mhz: 1700, Mhz Limit: 1700
Processor Information for processor 5
  Max Mhz: 1700, Current Mhz: 1700, Mhz Limit: 1700
Processor Information for processor 6
  Max Mhz: 1700, Current Mhz: 1700, Mhz Limit: 1700
Processor Information for processor 7
  Max Mhz: 1700, Current Mhz: 1700, Mhz Limit: 1700
Processor Information for processor 8
  Max Mhz: 1700, Current Mhz: 1200, Mhz Limit: 1190
Processor Information for processor 9
  Max Mhz: 1700, Current Mhz: 1200, Mhz Limit: 1190
Processor Information for processor 10
  Max Mhz: 1700, Current Mhz: 1200, Mhz Limit: 1190
Processor Information for processor 11
  Max Mhz: 1700, Current Mhz: 1200, Mhz Limit: 1190
Processor Information for processor 12
  Max Mhz: 1700, Current Mhz: 1200, Mhz Limit: 1190
Processor Information for processor 13
  Max Mhz: 1700, Current Mhz: 1200, Mhz Limit: 1190
Processor Information for processor 14
  Max Mhz: 1700, Current Mhz: 1200, Mhz Limit: 1190
Processor Information for processor 15
  Max Mhz: 1700, Current Mhz: 1200, Mhz Limit: 1190

Memory: 4k page, system-wide physical 7860M (229M free)
TotalPageFile size 30228M (AvailPageFile size 0M)
current process WorkingSet (physical memory assigned to process): 488M, peak: 508M
current process commit charge ("private bytes"): 619M, peak: 923M

vm_info: OpenJDK 64-Bit Server VM (17.0.13+11) for windows-amd64 JRE (17.0.13+11), built on Oct 16 2024 00:10:08 by "admin" with MS VC++ 17.7 (VS2022)

END.
